[2025-10-27 14:05:14] production.ERROR: No application encryption key has been specified. {"exception":"[object] (Illuminate\\Encryption\\MissingAppKeyException(code: 0): No application encryption key has been specified. at D:\\MYProject\\htdocs\\VMS\\vendor\\laravel\\framework\\src\\Illuminate\\Encryption\\EncryptionServiceProvider.php:101)
[stacktrace]
#0 D:\\MYProject\\htdocs\\VMS\\vendor\\laravel\\framework\\src\\Illuminate\\Support\\helpers.php(263): Illuminate\\Encryption\\EncryptionServiceProvider->Illuminate\\Encryption\\{closure}(NULL)
#1 D:\\MYProject\\htdocs\\VMS\\vendor\\laravel\\framework\\src\\Illuminate\\Encryption\\EncryptionServiceProvider.php(99): tap(NULL, Object(Closure))
#2 D:\\MYProject\\htdocs\\VMS\\vendor\\laravel\\framework\\src\\Illuminate\\Encryption\\EncryptionServiceProvider.php(82): Illuminate\\Encryption\\EncryptionServiceProvider->key(Array)
#3 D:\\MYProject\\htdocs\\VMS\\vendor\\laravel\\framework\\src\\Illuminate\\Encryption\\EncryptionServiceProvider.php(34): Illuminate\\Encryption\\EncryptionServiceProvider->parseKey(Array)
#4 D:\\MYProject\\htdocs\\VMS\\vendor\\laravel\\framework\\src\\Illuminate\\Container\\Container.php(873): Illuminate\\Encryption\\EncryptionServiceProvider->Illuminate\\Encryption\\{closure}(Object(Illuminate\\Foundation\\Application), Array)
#5 D:\\MYProject\\htdocs\\VMS\\vendor\\laravel\\framework\\src\\Illuminate\\Container\\Container.php(758): Illuminate\\Container\\Container->build(Object(Closure))
#6 D:\\MYProject\\htdocs\\VMS\\vendor\\laravel\\framework\\src\\Illuminate\\Foundation\\Application.php(853): Illuminate\\Container\\Container->resolve('encrypter', Array, true)
#7 D:\\MYProject\\htdocs\\VMS\\vendor\\laravel\\framework\\src\\Illuminate\\Container\\Container.php(694): Illuminate\\Foundation\\Application->resolve('encrypter', Array)
#8 D:\\MYProject\\htdocs\\VMS\\vendor\\laravel\\framework\\src\\Illuminate\\Foundation\\Application.php(838): Illuminate\\Container\\Container->make('encrypter', Array)
#9 D:\\MYProject\\htdocs\\VMS\\vendor\\laravel\\framework\\src\\Illuminate\\Container\\Container.php(1027): Illuminate\\Foundation\\Application->make('encrypter')
#10 D:\\MYProject\\htdocs\\VMS\\vendor\\laravel\\framework\\src\\Illuminate\\Container\\Container.php(947): Illuminate\\Container\\Container->resolveClass(Object(ReflectionParameter))
#11 D:\\MYProject\\htdocs\\VMS\\vendor\\laravel\\framework\\src\\Illuminate\\Container\\Container.php(908): Illuminate\\Container\\Container->resolveDependencies(Array)
#12 D:\\MYProject\\htdocs\\VMS\\vendor\\laravel\\framework\\src\\Illuminate\\Container\\Container.php(758): Illuminate\\Container\\Container->build('App\\\\Http\\\\Middle...')
#13 D:\\MYProject\\htdocs\\VMS\\vendor\\laravel\\framework\\src\\Illuminate\\Foundation\\Application.php(853): Illuminate\\Container\\Container->resolve('App\\\\Http\\\\Middle...', Array, true)
#14 D:\\MYProject\\htdocs\\VMS\\vendor\\laravel\\framework\\src\\Illuminate\\Container\\Container.php(694): Illuminate\\Foundation\\Application->resolve('App\\\\Http\\\\Middle...', Array)
#15 D:\\MYProject\\htdocs\\VMS\\vendor\\laravel\\framework\\src\\Illuminate\\Foundation\\Application.php(838): Illuminate\\Container\\Container->make('App\\\\Http\\\\Middle...', Array)
#16 D:\\MYProject\\htdocs\\VMS\\vendor\\laravel\\framework\\src\\Illuminate\\Pipeline\\Pipeline.php(156): Illuminate\\Foundation\\Application->make('App\\\\Http\\\\Middle...')
#17 D:\\MYProject\\htdocs\\VMS\\vendor\\laravel\\framework\\src\\Illuminate\\Pipeline\\Pipeline.php(103): Illuminate\\Pipeline\\Pipeline->Illuminate\\Pipeline\\{closure}(Object(Illuminate\\Http\\Request))
#18 D:\\MYProject\\htdocs\\VMS\\vendor\\laravel\\framework\\src\\Illuminate\\Routing\\Router.php(719): Illuminate\\Pipeline\\Pipeline->then(Object(Closure))
#19 D:\\MYProject\\htdocs\\VMS\\vendor\\laravel\\framework\\src\\Illuminate\\Routing\\Router.php(698): Illuminate\\Routing\\Router->runRouteWithinStack(Object(Illuminate\\Routing\\Route), Object(Illuminate\\Http\\Request))
#20 D:\\MYProject\\htdocs\\VMS\\vendor\\laravel\\framework\\src\\Illuminate\\Routing\\Router.php(662): Illuminate\\Routing\\Router->runRoute(Object(Illuminate\\Http\\Request), Object(Illuminate\\Routing\\Route))
#21 D:\\MYProject\\htdocs\\VMS\\vendor\\laravel\\framework\\src\\Illuminate\\Routing\\Router.php(651): Illuminate\\Routing\\Router->dispatchToRoute(Object(Illuminate\\Http\\Request))
#22 D:\\MYProject\\htdocs\\VMS\\vendor\\laravel\\framework\\src\\Illuminate\\Foundation\\Http\\Kernel.php(167): Illuminate\\Routing\\Router->dispatch(Object(Illuminate\\Http\\Request))
#23 D:\\MYProject\\htdocs\\VMS\\vendor\\laravel\\framework\\src\\Illuminate\\Pipeline\\Pipeline.php(128): Illuminate\\Foundation\\Http\\Kernel->Illuminate\\Foundation\\Http\\{closure}(Object(Illuminate\\Http\\Request))
#24 D:\\MYProject\\htdocs\\VMS\\vendor\\laravel\\framework\\src\\Illuminate\\Foundation\\Http\\Middleware\\TransformsRequest.php(21): Illuminate\\Pipeline\\Pipeline->Illuminate\\Pipeline\\{closure}(Object(Illuminate\\Http\\Request))
#25 D:\\MYProject\\htdocs\\VMS\\vendor\\laravel\\framework\\src\\Illuminate\\Foundation\\Http\\Middleware\\ConvertEmptyStringsToNull.php(31): Illuminate\\Foundation\\Http\\Middleware\\TransformsRequest->handle(Object(Illuminate\\Http\\Request), Object(Closure))
#26 D:\\MYProject\\htdocs\\VMS\\vendor\\laravel\\framework\\src\\Illuminate\\Pipeline\\Pipeline.php(167): Illuminate\\Foundation\\Http\\Middleware\\ConvertEmptyStringsToNull->handle(Object(Illuminate\\Http\\Request), Object(Closure))
#27 D:\\MYProject\\htdocs\\VMS\\vendor\\laravel\\framework\\src\\Illuminate\\Foundation\\Http\\Middleware\\TransformsRequest.php(21): Illuminate\\Pipeline\\Pipeline->Illuminate\\Pipeline\\{closure}(Object(Illuminate\\Http\\Request))
#28 D:\\MYProject\\htdocs\\VMS\\vendor\\laravel\\framework\\src\\Illuminate\\Foundation\\Http\\Middleware\\TrimStrings.php(40): Illuminate\\Foundation\\Http\\Middleware\\TransformsRequest->handle(Object(Illuminate\\Http\\Request), Object(Closure))
#29 D:\\MYProject\\htdocs\\VMS\\vendor\\laravel\\framework\\src\\Illuminate\\Pipeline\\Pipeline.php(167): Illuminate\\Foundation\\Http\\Middleware\\TrimStrings->handle(Object(Illuminate\\Http\\Request), Object(Closure))
#30 D:\\MYProject\\htdocs\\VMS\\vendor\\laravel\\framework\\src\\Illuminate\\Foundation\\Http\\Middleware\\ValidatePostSize.php(27): Illuminate\\Pipeline\\Pipeline->Illuminate\\Pipeline\\{closure}(Object(Illuminate\\Http\\Request))
#31 D:\\MYProject\\htdocs\\VMS\\vendor\\laravel\\framework\\src\\Illuminate\\Pipeline\\Pipeline.php(167): Illuminate\\Foundation\\Http\\Middleware\\ValidatePostSize->handle(Object(Illuminate\\Http\\Request), Object(Closure))
#32 D:\\MYProject\\htdocs\\VMS\\vendor\\laravel\\framework\\src\\Illuminate\\Foundation\\Http\\Middleware\\PreventRequestsDuringMaintenance.php(86): Illuminate\\Pipeline\\Pipeline->Illuminate\\Pipeline\\{closure}(Object(Illuminate\\Http\\Request))
#33 D:\\MYProject\\htdocs\\VMS\\vendor\\laravel\\framework\\src\\Illuminate\\Pipeline\\Pipeline.php(167): Illuminate\\Foundation\\Http\\Middleware\\PreventRequestsDuringMaintenance->handle(Object(Illuminate\\Http\\Request), Object(Closure))
#34 D:\\MYProject\\htdocs\\VMS\\vendor\\fruitcake\\laravel-cors\\src\\HandleCors.php(38): Illuminate\\Pipeline\\Pipeline->Illuminate\\Pipeline\\{closure}(Object(Illuminate\\Http\\Request))
#35 D:\\MYProject\\htdocs\\VMS\\vendor\\laravel\\framework\\src\\Illuminate\\Pipeline\\Pipeline.php(167): Fruitcake\\Cors\\HandleCors->handle(Object(Illuminate\\Http\\Request), Object(Closure))
#36 D:\\MYProject\\htdocs\\VMS\\vendor\\laravel\\framework\\src\\Illuminate\\Http\\Middleware\\TrustProxies.php(39): Illuminate\\Pipeline\\Pipeline->Illuminate\\Pipeline\\{closure}(Object(Illuminate\\Http\\Request))
#37 D:\\MYProject\\htdocs\\VMS\\vendor\\laravel\\framework\\src\\Illuminate\\Pipeline\\Pipeline.php(167): Illuminate\\Http\\Middleware\\TrustProxies->handle(Object(Illuminate\\Http\\Request), Object(Closure))
#38 D:\\MYProject\\htdocs\\VMS\\vendor\\laravel\\framework\\src\\Illuminate\\Pipeline\\Pipeline.php(103): Illuminate\\Pipeline\\Pipeline->Illuminate\\Pipeline\\{closure}(Object(Illuminate\\Http\\Request))
#39 D:\\MYProject\\htdocs\\VMS\\vendor\\laravel\\framework\\src\\Illuminate\\Foundation\\Http\\Kernel.php(142): Illuminate\\Pipeline\\Pipeline->then(Object(Closure))
#40 D:\\MYProject\\htdocs\\VMS\\vendor\\laravel\\framework\\src\\Illuminate\\Foundation\\Http\\Kernel.php(111): Illuminate\\Foundation\\Http\\Kernel->sendRequestThroughRouter(Object(Illuminate\\Http\\Request))
#41 D:\\MYProject\\htdocs\\VMS\\index.php(51): Illuminate\\Foundation\\Http\\Kernel->handle(Object(Illuminate\\Http\\Request))
#42 {main}
"} 
[2025-10-27 14:05:15] production.ERROR: No application encryption key has been specified. {"exception":"[object] (Illuminate\\Encryption\\MissingAppKeyException(code: 0): No application encryption key has been specified. at D:\\MYProject\\htdocs\\VMS\\vendor\\laravel\\framework\\src\\Illuminate\\Encryption\\EncryptionServiceProvider.php:101)
[stacktrace]
#0 D:\\MYProject\\htdocs\\VMS\\vendor\\laravel\\framework\\src\\Illuminate\\Support\\helpers.php(263): Illuminate\\Encryption\\EncryptionServiceProvider->Illuminate\\Encryption\\{closure}(NULL)
#1 D:\\MYProject\\htdocs\\VMS\\vendor\\laravel\\framework\\src\\Illuminate\\Encryption\\EncryptionServiceProvider.php(99): tap(NULL, Object(Closure))
#2 D:\\MYProject\\htdocs\\VMS\\vendor\\laravel\\framework\\src\\Illuminate\\Encryption\\EncryptionServiceProvider.php(82): Illuminate\\Encryption\\EncryptionServiceProvider->key(Array)
#3 D:\\MYProject\\htdocs\\VMS\\vendor\\laravel\\framework\\src\\Illuminate\\Encryption\\EncryptionServiceProvider.php(34): Illuminate\\Encryption\\EncryptionServiceProvider->parseKey(Array)
#4 D:\\MYProject\\htdocs\\VMS\\vendor\\laravel\\framework\\src\\Illuminate\\Container\\Container.php(873): Illuminate\\Encryption\\EncryptionServiceProvider->Illuminate\\Encryption\\{closure}(Object(Illuminate\\Foundation\\Application), Array)
#5 D:\\MYProject\\htdocs\\VMS\\vendor\\laravel\\framework\\src\\Illuminate\\Container\\Container.php(758): Illuminate\\Container\\Container->build(Object(Closure))
#6 D:\\MYProject\\htdocs\\VMS\\vendor\\laravel\\framework\\src\\Illuminate\\Foundation\\Application.php(853): Illuminate\\Container\\Container->resolve('encrypter', Array, true)
#7 D:\\MYProject\\htdocs\\VMS\\vendor\\laravel\\framework\\src\\Illuminate\\Container\\Container.php(694): Illuminate\\Foundation\\Application->resolve('encrypter', Array)
#8 D:\\MYProject\\htdocs\\VMS\\vendor\\laravel\\framework\\src\\Illuminate\\Foundation\\Application.php(838): Illuminate\\Container\\Container->make('encrypter', Array)
#9 D:\\MYProject\\htdocs\\VMS\\vendor\\laravel\\framework\\src\\Illuminate\\Container\\Container.php(1027): Illuminate\\Foundation\\Application->make('encrypter')
#10 D:\\MYProject\\htdocs\\VMS\\vendor\\laravel\\framework\\src\\Illuminate\\Container\\Container.php(947): Illuminate\\Container\\Container->resolveClass(Object(ReflectionParameter))
#11 D:\\MYProject\\htdocs\\VMS\\vendor\\laravel\\framework\\src\\Illuminate\\Container\\Container.php(908): Illuminate\\Container\\Container->resolveDependencies(Array)
#12 D:\\MYProject\\htdocs\\VMS\\vendor\\laravel\\framework\\src\\Illuminate\\Container\\Container.php(758): Illuminate\\Container\\Container->build('App\\\\Http\\\\Middle...')
#13 D:\\MYProject\\htdocs\\VMS\\vendor\\laravel\\framework\\src\\Illuminate\\Foundation\\Application.php(853): Illuminate\\Container\\Container->resolve('App\\\\Http\\\\Middle...', Array, true)
#14 D:\\MYProject\\htdocs\\VMS\\vendor\\laravel\\framework\\src\\Illuminate\\Container\\Container.php(694): Illuminate\\Foundation\\Application->resolve('App\\\\Http\\\\Middle...', Array)
#15 D:\\MYProject\\htdocs\\VMS\\vendor\\laravel\\framework\\src\\Illuminate\\Foundation\\Application.php(838): Illuminate\\Container\\Container->make('App\\\\Http\\\\Middle...', Array)
#16 D:\\MYProject\\htdocs\\VMS\\vendor\\laravel\\framework\\src\\Illuminate\\Foundation\\Http\\Kernel.php(206): Illuminate\\Foundation\\Application->make('App\\\\Http\\\\Middle...')
#17 D:\\MYProject\\htdocs\\VMS\\vendor\\laravel\\framework\\src\\Illuminate\\Foundation\\Http\\Kernel.php(180): Illuminate\\Foundation\\Http\\Kernel->terminateMiddleware(Object(Illuminate\\Http\\Request), Object(Illuminate\\Http\\JsonResponse))
#18 D:\\MYProject\\htdocs\\VMS\\index.php(55): Illuminate\\Foundation\\Http\\Kernel->terminate(Object(Illuminate\\Http\\Request), Object(Illuminate\\Http\\JsonResponse))
#19 {main}
"} 
[2025-12-07 12:51:05] production.ERROR: No application encryption key has been specified. {"exception":"[object] (Illuminate\\Encryption\\MissingAppKeyException(code: 0): No application encryption key has been specified. at D:\\MYProject\\htdocs\\VMS\\vendor\\laravel\\framework\\src\\Illuminate\\Encryption\\EncryptionServiceProvider.php:101)
[stacktrace]
#0 D:\\MYProject\\htdocs\\VMS\\vendor\\laravel\\framework\\src\\Illuminate\\Support\\helpers.php(263): Illuminate\\Encryption\\EncryptionServiceProvider->Illuminate\\Encryption\\{closure}(NULL)
#1 D:\\MYProject\\htdocs\\VMS\\vendor\\laravel\\framework\\src\\Illuminate\\Encryption\\EncryptionServiceProvider.php(99): tap(NULL, Object(Closure))
#2 D:\\MYProject\\htdocs\\VMS\\vendor\\laravel\\framework\\src\\Illuminate\\Encryption\\EncryptionServiceProvider.php(82): Illuminate\\Encryption\\EncryptionServiceProvider->key(Array)
#3 D:\\MYProject\\htdocs\\VMS\\vendor\\laravel\\framework\\src\\Illuminate\\Encryption\\EncryptionServiceProvider.php(34): Illuminate\\Encryption\\EncryptionServiceProvider->parseKey(Array)
#4 D:\\MYProject\\htdocs\\VMS\\vendor\\laravel\\framework\\src\\Illuminate\\Container\\Container.php(873): Illuminate\\Encryption\\EncryptionServiceProvider->Illuminate\\Encryption\\{closure}(Object(Illuminate\\Foundation\\Application), Array)
#5 D:\\MYProject\\htdocs\\VMS\\vendor\\laravel\\framework\\src\\Illuminate\\Container\\Container.php(758): Illuminate\\Container\\Container->build(Object(Closure))
#6 D:\\MYProject\\htdocs\\VMS\\vendor\\laravel\\framework\\src\\Illuminate\\Foundation\\Application.php(853): Illuminate\\Container\\Container->resolve('encrypter', Array, true)
#7 D:\\MYProject\\htdocs\\VMS\\vendor\\laravel\\framework\\src\\Illuminate\\Container\\Container.php(694): Illuminate\\Foundation\\Application->resolve('encrypter', Array)
#8 D:\\MYProject\\htdocs\\VMS\\vendor\\laravel\\framework\\src\\Illuminate\\Foundation\\Application.php(838): Illuminate\\Container\\Container->make('encrypter', Array)
#9 D:\\MYProject\\htdocs\\VMS\\vendor\\laravel\\framework\\src\\Illuminate\\Container\\Container.php(1027): Illuminate\\Foundation\\Application->make('encrypter')
#10 D:\\MYProject\\htdocs\\VMS\\vendor\\laravel\\framework\\src\\Illuminate\\Container\\Container.php(947): Illuminate\\Container\\Container->resolveClass(Object(ReflectionParameter))
#11 D:\\MYProject\\htdocs\\VMS\\vendor\\laravel\\framework\\src\\Illuminate\\Container\\Container.php(908): Illuminate\\Container\\Container->resolveDependencies(Array)
#12 D:\\MYProject\\htdocs\\VMS\\vendor\\laravel\\framework\\src\\Illuminate\\Container\\Container.php(758): Illuminate\\Container\\Container->build('App\\\\Http\\\\Middle...')
#13 D:\\MYProject\\htdocs\\VMS\\vendor\\laravel\\framework\\src\\Illuminate\\Foundation\\Application.php(853): Illuminate\\Container\\Container->resolve('App\\\\Http\\\\Middle...', Array, true)
#14 D:\\MYProject\\htdocs\\VMS\\vendor\\laravel\\framework\\src\\Illuminate\\Container\\Container.php(694): Illuminate\\Foundation\\Application->resolve('App\\\\Http\\\\Middle...', Array)
#15 D:\\MYProject\\htdocs\\VMS\\vendor\\laravel\\framework\\src\\Illuminate\\Foundation\\Application.php(838): Illuminate\\Container\\Container->make('App\\\\Http\\\\Middle...', Array)
#16 D:\\MYProject\\htdocs\\VMS\\vendor\\laravel\\framework\\src\\Illuminate\\Pipeline\\Pipeline.php(156): Illuminate\\Foundation\\Application->make('App\\\\Http\\\\Middle...')
#17 D:\\MYProject\\htdocs\\VMS\\vendor\\laravel\\framework\\src\\Illuminate\\Pipeline\\Pipeline.php(103): Illuminate\\Pipeline\\Pipeline->Illuminate\\Pipeline\\{closure}(Object(Illuminate\\Http\\Request))
#18 D:\\MYProject\\htdocs\\VMS\\vendor\\laravel\\framework\\src\\Illuminate\\Routing\\Router.php(719): Illuminate\\Pipeline\\Pipeline->then(Object(Closure))
#19 D:\\MYProject\\htdocs\\VMS\\vendor\\laravel\\framework\\src\\Illuminate\\Routing\\Router.php(698): Illuminate\\Routing\\Router->runRouteWithinStack(Object(Illuminate\\Routing\\Route), Object(Illuminate\\Http\\Request))
#20 D:\\MYProject\\htdocs\\VMS\\vendor\\laravel\\framework\\src\\Illuminate\\Routing\\Router.php(662): Illuminate\\Routing\\Router->runRoute(Object(Illuminate\\Http\\Request), Object(Illuminate\\Routing\\Route))
#21 D:\\MYProject\\htdocs\\VMS\\vendor\\laravel\\framework\\src\\Illuminate\\Routing\\Router.php(651): Illuminate\\Routing\\Router->dispatchToRoute(Object(Illuminate\\Http\\Request))
#22 D:\\MYProject\\htdocs\\VMS\\vendor\\laravel\\framework\\src\\Illuminate\\Foundation\\Http\\Kernel.php(167): Illuminate\\Routing\\Router->dispatch(Object(Illuminate\\Http\\Request))
#23 D:\\MYProject\\htdocs\\VMS\\vendor\\laravel\\framework\\src\\Illuminate\\Pipeline\\Pipeline.php(128): Illuminate\\Foundation\\Http\\Kernel->Illuminate\\Foundation\\Http\\{closure}(Object(Illuminate\\Http\\Request))
#24 D:\\MYProject\\htdocs\\VMS\\vendor\\laravel\\framework\\src\\Illuminate\\Foundation\\Http\\Middleware\\TransformsRequest.php(21): Illuminate\\Pipeline\\Pipeline->Illuminate\\Pipeline\\{closure}(Object(Illuminate\\Http\\Request))
#25 D:\\MYProject\\htdocs\\VMS\\vendor\\laravel\\framework\\src\\Illuminate\\Foundation\\Http\\Middleware\\ConvertEmptyStringsToNull.php(31): Illuminate\\Foundation\\Http\\Middleware\\TransformsRequest->handle(Object(Illuminate\\Http\\Request), Object(Closure))
#26 D:\\MYProject\\htdocs\\VMS\\vendor\\laravel\\framework\\src\\Illuminate\\Pipeline\\Pipeline.php(167): Illuminate\\Foundation\\Http\\Middleware\\ConvertEmptyStringsToNull->handle(Object(Illuminate\\Http\\Request), Object(Closure))
#27 D:\\MYProject\\htdocs\\VMS\\vendor\\laravel\\framework\\src\\Illuminate\\Foundation\\Http\\Middleware\\TransformsRequest.php(21): Illuminate\\Pipeline\\Pipeline->Illuminate\\Pipeline\\{closure}(Object(Illuminate\\Http\\Request))
#28 D:\\MYProject\\htdocs\\VMS\\vendor\\laravel\\framework\\src\\Illuminate\\Foundation\\Http\\Middleware\\TrimStrings.php(40): Illuminate\\Foundation\\Http\\Middleware\\TransformsRequest->handle(Object(Illuminate\\Http\\Request), Object(Closure))
#29 D:\\MYProject\\htdocs\\VMS\\vendor\\laravel\\framework\\src\\Illuminate\\Pipeline\\Pipeline.php(167): Illuminate\\Foundation\\Http\\Middleware\\TrimStrings->handle(Object(Illuminate\\Http\\Request), Object(Closure))
#30 D:\\MYProject\\htdocs\\VMS\\vendor\\laravel\\framework\\src\\Illuminate\\Foundation\\Http\\Middleware\\ValidatePostSize.php(27): Illuminate\\Pipeline\\Pipeline->Illuminate\\Pipeline\\{closure}(Object(Illuminate\\Http\\Request))
#31 D:\\MYProject\\htdocs\\VMS\\vendor\\laravel\\framework\\src\\Illuminate\\Pipeline\\Pipeline.php(167): Illuminate\\Foundation\\Http\\Middleware\\ValidatePostSize->handle(Object(Illuminate\\Http\\Request), Object(Closure))
#32 D:\\MYProject\\htdocs\\VMS\\vendor\\laravel\\framework\\src\\Illuminate\\Foundation\\Http\\Middleware\\PreventRequestsDuringMaintenance.php(86): Illuminate\\Pipeline\\Pipeline->Illuminate\\Pipeline\\{closure}(Object(Illuminate\\Http\\Request))
#33 D:\\MYProject\\htdocs\\VMS\\vendor\\laravel\\framework\\src\\Illuminate\\Pipeline\\Pipeline.php(167): Illuminate\\Foundation\\Http\\Middleware\\PreventRequestsDuringMaintenance->handle(Object(Illuminate\\Http\\Request), Object(Closure))
#34 D:\\MYProject\\htdocs\\VMS\\vendor\\fruitcake\\laravel-cors\\src\\HandleCors.php(38): Illuminate\\Pipeline\\Pipeline->Illuminate\\Pipeline\\{closure}(Object(Illuminate\\Http\\Request))
#35 D:\\MYProject\\htdocs\\VMS\\vendor\\laravel\\framework\\src\\Illuminate\\Pipeline\\Pipeline.php(167): Fruitcake\\Cors\\HandleCors->handle(Object(Illuminate\\Http\\Request), Object(Closure))
#36 D:\\MYProject\\htdocs\\VMS\\vendor\\laravel\\framework\\src\\Illuminate\\Http\\Middleware\\TrustProxies.php(39): Illuminate\\Pipeline\\Pipeline->Illuminate\\Pipeline\\{closure}(Object(Illuminate\\Http\\Request))
#37 D:\\MYProject\\htdocs\\VMS\\vendor\\laravel\\framework\\src\\Illuminate\\Pipeline\\Pipeline.php(167): Illuminate\\Http\\Middleware\\TrustProxies->handle(Object(Illuminate\\Http\\Request), Object(Closure))
#38 D:\\MYProject\\htdocs\\VMS\\vendor\\laravel\\framework\\src\\Illuminate\\Pipeline\\Pipeline.php(103): Illuminate\\Pipeline\\Pipeline->Illuminate\\Pipeline\\{closure}(Object(Illuminate\\Http\\Request))
#39 D:\\MYProject\\htdocs\\VMS\\vendor\\laravel\\framework\\src\\Illuminate\\Foundation\\Http\\Kernel.php(142): Illuminate\\Pipeline\\Pipeline->then(Object(Closure))
#40 D:\\MYProject\\htdocs\\VMS\\vendor\\laravel\\framework\\src\\Illuminate\\Foundation\\Http\\Kernel.php(111): Illuminate\\Foundation\\Http\\Kernel->sendRequestThroughRouter(Object(Illuminate\\Http\\Request))
#41 D:\\MYProject\\htdocs\\VMS\\index.php(51): Illuminate\\Foundation\\Http\\Kernel->handle(Object(Illuminate\\Http\\Request))
#42 {main}
"} 
[2025-12-07 12:51:05] production.ERROR: No application encryption key has been specified. {"exception":"[object] (Illuminate\\Encryption\\MissingAppKeyException(code: 0): No application encryption key has been specified. at D:\\MYProject\\htdocs\\VMS\\vendor\\laravel\\framework\\src\\Illuminate\\Encryption\\EncryptionServiceProvider.php:101)
[stacktrace]
#0 D:\\MYProject\\htdocs\\VMS\\vendor\\laravel\\framework\\src\\Illuminate\\Support\\helpers.php(263): Illuminate\\Encryption\\EncryptionServiceProvider->Illuminate\\Encryption\\{closure}(NULL)
#1 D:\\MYProject\\htdocs\\VMS\\vendor\\laravel\\framework\\src\\Illuminate\\Encryption\\EncryptionServiceProvider.php(99): tap(NULL, Object(Closure))
#2 D:\\MYProject\\htdocs\\VMS\\vendor\\laravel\\framework\\src\\Illuminate\\Encryption\\EncryptionServiceProvider.php(82): Illuminate\\Encryption\\EncryptionServiceProvider->key(Array)
#3 D:\\MYProject\\htdocs\\VMS\\vendor\\laravel\\framework\\src\\Illuminate\\Encryption\\EncryptionServiceProvider.php(34): Illuminate\\Encryption\\EncryptionServiceProvider->parseKey(Array)
#4 D:\\MYProject\\htdocs\\VMS\\vendor\\laravel\\framework\\src\\Illuminate\\Container\\Container.php(873): Illuminate\\Encryption\\EncryptionServiceProvider->Illuminate\\Encryption\\{closure}(Object(Illuminate\\Foundation\\Application), Array)
#5 D:\\MYProject\\htdocs\\VMS\\vendor\\laravel\\framework\\src\\Illuminate\\Container\\Container.php(758): Illuminate\\Container\\Container->build(Object(Closure))
#6 D:\\MYProject\\htdocs\\VMS\\vendor\\laravel\\framework\\src\\Illuminate\\Foundation\\Application.php(853): Illuminate\\Container\\Container->resolve('encrypter', Array, true)
#7 D:\\MYProject\\htdocs\\VMS\\vendor\\laravel\\framework\\src\\Illuminate\\Container\\Container.php(694): Illuminate\\Foundation\\Application->resolve('encrypter', Array)
#8 D:\\MYProject\\htdocs\\VMS\\vendor\\laravel\\framework\\src\\Illuminate\\Foundation\\Application.php(838): Illuminate\\Container\\Container->make('encrypter', Array)
#9 D:\\MYProject\\htdocs\\VMS\\vendor\\laravel\\framework\\src\\Illuminate\\Container\\Container.php(1027): Illuminate\\Foundation\\Application->make('encrypter')
#10 D:\\MYProject\\htdocs\\VMS\\vendor\\laravel\\framework\\src\\Illuminate\\Container\\Container.php(947): Illuminate\\Container\\Container->resolveClass(Object(ReflectionParameter))
#11 D:\\MYProject\\htdocs\\VMS\\vendor\\laravel\\framework\\src\\Illuminate\\Container\\Container.php(908): Illuminate\\Container\\Container->resolveDependencies(Array)
#12 D:\\MYProject\\htdocs\\VMS\\vendor\\laravel\\framework\\src\\Illuminate\\Container\\Container.php(758): Illuminate\\Container\\Container->build('App\\\\Http\\\\Middle...')
#13 D:\\MYProject\\htdocs\\VMS\\vendor\\laravel\\framework\\src\\Illuminate\\Foundation\\Application.php(853): Illuminate\\Container\\Container->resolve('App\\\\Http\\\\Middle...', Array, true)
#14 D:\\MYProject\\htdocs\\VMS\\vendor\\laravel\\framework\\src\\Illuminate\\Container\\Container.php(694): Illuminate\\Foundation\\Application->resolve('App\\\\Http\\\\Middle...', Array)
#15 D:\\MYProject\\htdocs\\VMS\\vendor\\laravel\\framework\\src\\Illuminate\\Foundation\\Application.php(838): Illuminate\\Container\\Container->make('App\\\\Http\\\\Middle...', Array)
#16 D:\\MYProject\\htdocs\\VMS\\vendor\\laravel\\framework\\src\\Illuminate\\Foundation\\Http\\Kernel.php(206): Illuminate\\Foundation\\Application->make('App\\\\Http\\\\Middle...')
#17 D:\\MYProject\\htdocs\\VMS\\vendor\\laravel\\framework\\src\\Illuminate\\Foundation\\Http\\Kernel.php(180): Illuminate\\Foundation\\Http\\Kernel->terminateMiddleware(Object(Illuminate\\Http\\Request), Object(Illuminate\\Http\\JsonResponse))
#18 D:\\MYProject\\htdocs\\VMS\\index.php(55): Illuminate\\Foundation\\Http\\Kernel->terminate(Object(Illuminate\\Http\\Request), Object(Illuminate\\Http\\JsonResponse))
#19 {main}
"} 
[2025-12-07 12:51:19] production.ERROR: No application encryption key has been specified. {"exception":"[object] (Illuminate\\Encryption\\MissingAppKeyException(code: 0): No application encryption key has been specified. at D:\\MYProject\\htdocs\\VMS\\vendor\\laravel\\framework\\src\\Illuminate\\Encryption\\EncryptionServiceProvider.php:101)
[stacktrace]
#0 D:\\MYProject\\htdocs\\VMS\\vendor\\laravel\\framework\\src\\Illuminate\\Support\\helpers.php(263): Illuminate\\Encryption\\EncryptionServiceProvider->Illuminate\\Encryption\\{closure}(NULL)
#1 D:\\MYProject\\htdocs\\VMS\\vendor\\laravel\\framework\\src\\Illuminate\\Encryption\\EncryptionServiceProvider.php(99): tap(NULL, Object(Closure))
#2 D:\\MYProject\\htdocs\\VMS\\vendor\\laravel\\framework\\src\\Illuminate\\Encryption\\EncryptionServiceProvider.php(82): Illuminate\\Encryption\\EncryptionServiceProvider->key(Array)
#3 D:\\MYProject\\htdocs\\VMS\\vendor\\laravel\\framework\\src\\Illuminate\\Encryption\\EncryptionServiceProvider.php(34): Illuminate\\Encryption\\EncryptionServiceProvider->parseKey(Array)
#4 D:\\MYProject\\htdocs\\VMS\\vendor\\laravel\\framework\\src\\Illuminate\\Container\\Container.php(873): Illuminate\\Encryption\\EncryptionServiceProvider->Illuminate\\Encryption\\{closure}(Object(Illuminate\\Foundation\\Application), Array)
#5 D:\\MYProject\\htdocs\\VMS\\vendor\\laravel\\framework\\src\\Illuminate\\Container\\Container.php(758): Illuminate\\Container\\Container->build(Object(Closure))
#6 D:\\MYProject\\htdocs\\VMS\\vendor\\laravel\\framework\\src\\Illuminate\\Foundation\\Application.php(853): Illuminate\\Container\\Container->resolve('encrypter', Array, true)
#7 D:\\MYProject\\htdocs\\VMS\\vendor\\laravel\\framework\\src\\Illuminate\\Container\\Container.php(694): Illuminate\\Foundation\\Application->resolve('encrypter', Array)
#8 D:\\MYProject\\htdocs\\VMS\\vendor\\laravel\\framework\\src\\Illuminate\\Foundation\\Application.php(838): Illuminate\\Container\\Container->make('encrypter', Array)
#9 D:\\MYProject\\htdocs\\VMS\\vendor\\laravel\\framework\\src\\Illuminate\\Container\\Container.php(1027): Illuminate\\Foundation\\Application->make('encrypter')
#10 D:\\MYProject\\htdocs\\VMS\\vendor\\laravel\\framework\\src\\Illuminate\\Container\\Container.php(947): Illuminate\\Container\\Container->resolveClass(Object(ReflectionParameter))
#11 D:\\MYProject\\htdocs\\VMS\\vendor\\laravel\\framework\\src\\Illuminate\\Container\\Container.php(908): Illuminate\\Container\\Container->resolveDependencies(Array)
#12 D:\\MYProject\\htdocs\\VMS\\vendor\\laravel\\framework\\src\\Illuminate\\Container\\Container.php(758): Illuminate\\Container\\Container->build('App\\\\Http\\\\Middle...')
#13 D:\\MYProject\\htdocs\\VMS\\vendor\\laravel\\framework\\src\\Illuminate\\Foundation\\Application.php(853): Illuminate\\Container\\Container->resolve('App\\\\Http\\\\Middle...', Array, true)
#14 D:\\MYProject\\htdocs\\VMS\\vendor\\laravel\\framework\\src\\Illuminate\\Container\\Container.php(694): Illuminate\\Foundation\\Application->resolve('App\\\\Http\\\\Middle...', Array)
#15 D:\\MYProject\\htdocs\\VMS\\vendor\\laravel\\framework\\src\\Illuminate\\Foundation\\Application.php(838): Illuminate\\Container\\Container->make('App\\\\Http\\\\Middle...', Array)
#16 D:\\MYProject\\htdocs\\VMS\\vendor\\laravel\\framework\\src\\Illuminate\\Pipeline\\Pipeline.php(156): Illuminate\\Foundation\\Application->make('App\\\\Http\\\\Middle...')
#17 D:\\MYProject\\htdocs\\VMS\\vendor\\laravel\\framework\\src\\Illuminate\\Pipeline\\Pipeline.php(103): Illuminate\\Pipeline\\Pipeline->Illuminate\\Pipeline\\{closure}(Object(Illuminate\\Http\\Request))
#18 D:\\MYProject\\htdocs\\VMS\\vendor\\laravel\\framework\\src\\Illuminate\\Routing\\Router.php(719): Illuminate\\Pipeline\\Pipeline->then(Object(Closure))
#19 D:\\MYProject\\htdocs\\VMS\\vendor\\laravel\\framework\\src\\Illuminate\\Routing\\Router.php(698): Illuminate\\Routing\\Router->runRouteWithinStack(Object(Illuminate\\Routing\\Route), Object(Illuminate\\Http\\Request))
#20 D:\\MYProject\\htdocs\\VMS\\vendor\\laravel\\framework\\src\\Illuminate\\Routing\\Router.php(662): Illuminate\\Routing\\Router->runRoute(Object(Illuminate\\Http\\Request), Object(Illuminate\\Routing\\Route))
#21 D:\\MYProject\\htdocs\\VMS\\vendor\\laravel\\framework\\src\\Illuminate\\Routing\\Router.php(651): Illuminate\\Routing\\Router->dispatchToRoute(Object(Illuminate\\Http\\Request))
#22 D:\\MYProject\\htdocs\\VMS\\vendor\\laravel\\framework\\src\\Illuminate\\Foundation\\Http\\Kernel.php(167): Illuminate\\Routing\\Router->dispatch(Object(Illuminate\\Http\\Request))
#23 D:\\MYProject\\htdocs\\VMS\\vendor\\laravel\\framework\\src\\Illuminate\\Pipeline\\Pipeline.php(128): Illuminate\\Foundation\\Http\\Kernel->Illuminate\\Foundation\\Http\\{closure}(Object(Illuminate\\Http\\Request))
#24 D:\\MYProject\\htdocs\\VMS\\vendor\\laravel\\framework\\src\\Illuminate\\Foundation\\Http\\Middleware\\TransformsRequest.php(21): Illuminate\\Pipeline\\Pipeline->Illuminate\\Pipeline\\{closure}(Object(Illuminate\\Http\\Request))
#25 D:\\MYProject\\htdocs\\VMS\\vendor\\laravel\\framework\\src\\Illuminate\\Foundation\\Http\\Middleware\\ConvertEmptyStringsToNull.php(31): Illuminate\\Foundation\\Http\\Middleware\\TransformsRequest->handle(Object(Illuminate\\Http\\Request), Object(Closure))
#26 D:\\MYProject\\htdocs\\VMS\\vendor\\laravel\\framework\\src\\Illuminate\\Pipeline\\Pipeline.php(167): Illuminate\\Foundation\\Http\\Middleware\\ConvertEmptyStringsToNull->handle(Object(Illuminate\\Http\\Request), Object(Closure))
#27 D:\\MYProject\\htdocs\\VMS\\vendor\\laravel\\framework\\src\\Illuminate\\Foundation\\Http\\Middleware\\TransformsRequest.php(21): Illuminate\\Pipeline\\Pipeline->Illuminate\\Pipeline\\{closure}(Object(Illuminate\\Http\\Request))
#28 D:\\MYProject\\htdocs\\VMS\\vendor\\laravel\\framework\\src\\Illuminate\\Foundation\\Http\\Middleware\\TrimStrings.php(40): Illuminate\\Foundation\\Http\\Middleware\\TransformsRequest->handle(Object(Illuminate\\Http\\Request), Object(Closure))
#29 D:\\MYProject\\htdocs\\VMS\\vendor\\laravel\\framework\\src\\Illuminate\\Pipeline\\Pipeline.php(167): Illuminate\\Foundation\\Http\\Middleware\\TrimStrings->handle(Object(Illuminate\\Http\\Request), Object(Closure))
#30 D:\\MYProject\\htdocs\\VMS\\vendor\\laravel\\framework\\src\\Illuminate\\Foundation\\Http\\Middleware\\ValidatePostSize.php(27): Illuminate\\Pipeline\\Pipeline->Illuminate\\Pipeline\\{closure}(Object(Illuminate\\Http\\Request))
#31 D:\\MYProject\\htdocs\\VMS\\vendor\\laravel\\framework\\src\\Illuminate\\Pipeline\\Pipeline.php(167): Illuminate\\Foundation\\Http\\Middleware\\ValidatePostSize->handle(Object(Illuminate\\Http\\Request), Object(Closure))
#32 D:\\MYProject\\htdocs\\VMS\\vendor\\laravel\\framework\\src\\Illuminate\\Foundation\\Http\\Middleware\\PreventRequestsDuringMaintenance.php(86): Illuminate\\Pipeline\\Pipeline->Illuminate\\Pipeline\\{closure}(Object(Illuminate\\Http\\Request))
#33 D:\\MYProject\\htdocs\\VMS\\vendor\\laravel\\framework\\src\\Illuminate\\Pipeline\\Pipeline.php(167): Illuminate\\Foundation\\Http\\Middleware\\PreventRequestsDuringMaintenance->handle(Object(Illuminate\\Http\\Request), Object(Closure))
#34 D:\\MYProject\\htdocs\\VMS\\vendor\\fruitcake\\laravel-cors\\src\\HandleCors.php(38): Illuminate\\Pipeline\\Pipeline->Illuminate\\Pipeline\\{closure}(Object(Illuminate\\Http\\Request))
#35 D:\\MYProject\\htdocs\\VMS\\vendor\\laravel\\framework\\src\\Illuminate\\Pipeline\\Pipeline.php(167): Fruitcake\\Cors\\HandleCors->handle(Object(Illuminate\\Http\\Request), Object(Closure))
#36 D:\\MYProject\\htdocs\\VMS\\vendor\\laravel\\framework\\src\\Illuminate\\Http\\Middleware\\TrustProxies.php(39): Illuminate\\Pipeline\\Pipeline->Illuminate\\Pipeline\\{closure}(Object(Illuminate\\Http\\Request))
#37 D:\\MYProject\\htdocs\\VMS\\vendor\\laravel\\framework\\src\\Illuminate\\Pipeline\\Pipeline.php(167): Illuminate\\Http\\Middleware\\TrustProxies->handle(Object(Illuminate\\Http\\Request), Object(Closure))
#38 D:\\MYProject\\htdocs\\VMS\\vendor\\laravel\\framework\\src\\Illuminate\\Pipeline\\Pipeline.php(103): Illuminate\\Pipeline\\Pipeline->Illuminate\\Pipeline\\{closure}(Object(Illuminate\\Http\\Request))
#39 D:\\MYProject\\htdocs\\VMS\\vendor\\laravel\\framework\\src\\Illuminate\\Foundation\\Http\\Kernel.php(142): Illuminate\\Pipeline\\Pipeline->then(Object(Closure))
#40 D:\\MYProject\\htdocs\\VMS\\vendor\\laravel\\framework\\src\\Illuminate\\Foundation\\Http\\Kernel.php(111): Illuminate\\Foundation\\Http\\Kernel->sendRequestThroughRouter(Object(Illuminate\\Http\\Request))
#41 D:\\MYProject\\htdocs\\VMS\\index.php(51): Illuminate\\Foundation\\Http\\Kernel->handle(Object(Illuminate\\Http\\Request))
#42 {main}
"} 
[2025-12-07 12:51:19] production.ERROR: No application encryption key has been specified. {"exception":"[object] (Illuminate\\Encryption\\MissingAppKeyException(code: 0): No application encryption key has been specified. at D:\\MYProject\\htdocs\\VMS\\vendor\\laravel\\framework\\src\\Illuminate\\Encryption\\EncryptionServiceProvider.php:101)
[stacktrace]
#0 D:\\MYProject\\htdocs\\VMS\\vendor\\laravel\\framework\\src\\Illuminate\\Support\\helpers.php(263): Illuminate\\Encryption\\EncryptionServiceProvider->Illuminate\\Encryption\\{closure}(NULL)
#1 D:\\MYProject\\htdocs\\VMS\\vendor\\laravel\\framework\\src\\Illuminate\\Encryption\\EncryptionServiceProvider.php(99): tap(NULL, Object(Closure))
#2 D:\\MYProject\\htdocs\\VMS\\vendor\\laravel\\framework\\src\\Illuminate\\Encryption\\EncryptionServiceProvider.php(82): Illuminate\\Encryption\\EncryptionServiceProvider->key(Array)
#3 D:\\MYProject\\htdocs\\VMS\\vendor\\laravel\\framework\\src\\Illuminate\\Encryption\\EncryptionServiceProvider.php(34): Illuminate\\Encryption\\EncryptionServiceProvider->parseKey(Array)
#4 D:\\MYProject\\htdocs\\VMS\\vendor\\laravel\\framework\\src\\Illuminate\\Container\\Container.php(873): Illuminate\\Encryption\\EncryptionServiceProvider->Illuminate\\Encryption\\{closure}(Object(Illuminate\\Foundation\\Application), Array)
#5 D:\\MYProject\\htdocs\\VMS\\vendor\\laravel\\framework\\src\\Illuminate\\Container\\Container.php(758): Illuminate\\Container\\Container->build(Object(Closure))
#6 D:\\MYProject\\htdocs\\VMS\\vendor\\laravel\\framework\\src\\Illuminate\\Foundation\\Application.php(853): Illuminate\\Container\\Container->resolve('encrypter', Array, true)
#7 D:\\MYProject\\htdocs\\VMS\\vendor\\laravel\\framework\\src\\Illuminate\\Container\\Container.php(694): Illuminate\\Foundation\\Application->resolve('encrypter', Array)
#8 D:\\MYProject\\htdocs\\VMS\\vendor\\laravel\\framework\\src\\Illuminate\\Foundation\\Application.php(838): Illuminate\\Container\\Container->make('encrypter', Array)
#9 D:\\MYProject\\htdocs\\VMS\\vendor\\laravel\\framework\\src\\Illuminate\\Container\\Container.php(1027): Illuminate\\Foundation\\Application->make('encrypter')
#10 D:\\MYProject\\htdocs\\VMS\\vendor\\laravel\\framework\\src\\Illuminate\\Container\\Container.php(947): Illuminate\\Container\\Container->resolveClass(Object(ReflectionParameter))
#11 D:\\MYProject\\htdocs\\VMS\\vendor\\laravel\\framework\\src\\Illuminate\\Container\\Container.php(908): Illuminate\\Container\\Container->resolveDependencies(Array)
#12 D:\\MYProject\\htdocs\\VMS\\vendor\\laravel\\framework\\src\\Illuminate\\Container\\Container.php(758): Illuminate\\Container\\Container->build('App\\\\Http\\\\Middle...')
#13 D:\\MYProject\\htdocs\\VMS\\vendor\\laravel\\framework\\src\\Illuminate\\Foundation\\Application.php(853): Illuminate\\Container\\Container->resolve('App\\\\Http\\\\Middle...', Array, true)
#14 D:\\MYProject\\htdocs\\VMS\\vendor\\laravel\\framework\\src\\Illuminate\\Container\\Container.php(694): Illuminate\\Foundation\\Application->resolve('App\\\\Http\\\\Middle...', Array)
#15 D:\\MYProject\\htdocs\\VMS\\vendor\\laravel\\framework\\src\\Illuminate\\Foundation\\Application.php(838): Illuminate\\Container\\Container->make('App\\\\Http\\\\Middle...', Array)
#16 D:\\MYProject\\htdocs\\VMS\\vendor\\laravel\\framework\\src\\Illuminate\\Foundation\\Http\\Kernel.php(206): Illuminate\\Foundation\\Application->make('App\\\\Http\\\\Middle...')
#17 D:\\MYProject\\htdocs\\VMS\\vendor\\laravel\\framework\\src\\Illuminate\\Foundation\\Http\\Kernel.php(180): Illuminate\\Foundation\\Http\\Kernel->terminateMiddleware(Object(Illuminate\\Http\\Request), Object(Illuminate\\Http\\JsonResponse))
#18 D:\\MYProject\\htdocs\\VMS\\index.php(55): Illuminate\\Foundation\\Http\\Kernel->terminate(Object(Illuminate\\Http\\Request), Object(Illuminate\\Http\\JsonResponse))
#19 {main}
"} 
[2025-12-07 12:52:06] production.ERROR: No application encryption key has been specified. {"exception":"[object] (Illuminate\\Encryption\\MissingAppKeyException(code: 0): No application encryption key has been specified. at D:\\MYProject\\htdocs\\VMS\\vendor\\laravel\\framework\\src\\Illuminate\\Encryption\\EncryptionServiceProvider.php:101)
[stacktrace]
#0 D:\\MYProject\\htdocs\\VMS\\vendor\\laravel\\framework\\src\\Illuminate\\Support\\helpers.php(263): Illuminate\\Encryption\\EncryptionServiceProvider->Illuminate\\Encryption\\{closure}(NULL)
#1 D:\\MYProject\\htdocs\\VMS\\vendor\\laravel\\framework\\src\\Illuminate\\Encryption\\EncryptionServiceProvider.php(99): tap(NULL, Object(Closure))
#2 D:\\MYProject\\htdocs\\VMS\\vendor\\laravel\\framework\\src\\Illuminate\\Encryption\\EncryptionServiceProvider.php(82): Illuminate\\Encryption\\EncryptionServiceProvider->key(Array)
#3 D:\\MYProject\\htdocs\\VMS\\vendor\\laravel\\framework\\src\\Illuminate\\Encryption\\EncryptionServiceProvider.php(34): Illuminate\\Encryption\\EncryptionServiceProvider->parseKey(Array)
#4 D:\\MYProject\\htdocs\\VMS\\vendor\\laravel\\framework\\src\\Illuminate\\Container\\Container.php(873): Illuminate\\Encryption\\EncryptionServiceProvider->Illuminate\\Encryption\\{closure}(Object(Illuminate\\Foundation\\Application), Array)
#5 D:\\MYProject\\htdocs\\VMS\\vendor\\laravel\\framework\\src\\Illuminate\\Container\\Container.php(758): Illuminate\\Container\\Container->build(Object(Closure))
#6 D:\\MYProject\\htdocs\\VMS\\vendor\\laravel\\framework\\src\\Illuminate\\Foundation\\Application.php(853): Illuminate\\Container\\Container->resolve('encrypter', Array, true)
#7 D:\\MYProject\\htdocs\\VMS\\vendor\\laravel\\framework\\src\\Illuminate\\Container\\Container.php(694): Illuminate\\Foundation\\Application->resolve('encrypter', Array)
#8 D:\\MYProject\\htdocs\\VMS\\vendor\\laravel\\framework\\src\\Illuminate\\Foundation\\Application.php(838): Illuminate\\Container\\Container->make('encrypter', Array)
#9 D:\\MYProject\\htdocs\\VMS\\vendor\\laravel\\framework\\src\\Illuminate\\Container\\Container.php(1027): Illuminate\\Foundation\\Application->make('encrypter')
#10 D:\\MYProject\\htdocs\\VMS\\vendor\\laravel\\framework\\src\\Illuminate\\Container\\Container.php(947): Illuminate\\Container\\Container->resolveClass(Object(ReflectionParameter))
#11 D:\\MYProject\\htdocs\\VMS\\vendor\\laravel\\framework\\src\\Illuminate\\Container\\Container.php(908): Illuminate\\Container\\Container->resolveDependencies(Array)
#12 D:\\MYProject\\htdocs\\VMS\\vendor\\laravel\\framework\\src\\Illuminate\\Container\\Container.php(758): Illuminate\\Container\\Container->build('App\\\\Http\\\\Middle...')
#13 D:\\MYProject\\htdocs\\VMS\\vendor\\laravel\\framework\\src\\Illuminate\\Foundation\\Application.php(853): Illuminate\\Container\\Container->resolve('App\\\\Http\\\\Middle...', Array, true)
#14 D:\\MYProject\\htdocs\\VMS\\vendor\\laravel\\framework\\src\\Illuminate\\Container\\Container.php(694): Illuminate\\Foundation\\Application->resolve('App\\\\Http\\\\Middle...', Array)
#15 D:\\MYProject\\htdocs\\VMS\\vendor\\laravel\\framework\\src\\Illuminate\\Foundation\\Application.php(838): Illuminate\\Container\\Container->make('App\\\\Http\\\\Middle...', Array)
#16 D:\\MYProject\\htdocs\\VMS\\vendor\\laravel\\framework\\src\\Illuminate\\Pipeline\\Pipeline.php(156): Illuminate\\Foundation\\Application->make('App\\\\Http\\\\Middle...')
#17 D:\\MYProject\\htdocs\\VMS\\vendor\\laravel\\framework\\src\\Illuminate\\Pipeline\\Pipeline.php(103): Illuminate\\Pipeline\\Pipeline->Illuminate\\Pipeline\\{closure}(Object(Illuminate\\Http\\Request))
#18 D:\\MYProject\\htdocs\\VMS\\vendor\\laravel\\framework\\src\\Illuminate\\Routing\\Router.php(719): Illuminate\\Pipeline\\Pipeline->then(Object(Closure))
#19 D:\\MYProject\\htdocs\\VMS\\vendor\\laravel\\framework\\src\\Illuminate\\Routing\\Router.php(698): Illuminate\\Routing\\Router->runRouteWithinStack(Object(Illuminate\\Routing\\Route), Object(Illuminate\\Http\\Request))
#20 D:\\MYProject\\htdocs\\VMS\\vendor\\laravel\\framework\\src\\Illuminate\\Routing\\Router.php(662): Illuminate\\Routing\\Router->runRoute(Object(Illuminate\\Http\\Request), Object(Illuminate\\Routing\\Route))
#21 D:\\MYProject\\htdocs\\VMS\\vendor\\laravel\\framework\\src\\Illuminate\\Routing\\Router.php(651): Illuminate\\Routing\\Router->dispatchToRoute(Object(Illuminate\\Http\\Request))
#22 D:\\MYProject\\htdocs\\VMS\\vendor\\laravel\\framework\\src\\Illuminate\\Foundation\\Http\\Kernel.php(167): Illuminate\\Routing\\Router->dispatch(Object(Illuminate\\Http\\Request))
#23 D:\\MYProject\\htdocs\\VMS\\vendor\\laravel\\framework\\src\\Illuminate\\Pipeline\\Pipeline.php(128): Illuminate\\Foundation\\Http\\Kernel->Illuminate\\Foundation\\Http\\{closure}(Object(Illuminate\\Http\\Request))
#24 D:\\MYProject\\htdocs\\VMS\\vendor\\laravel\\framework\\src\\Illuminate\\Foundation\\Http\\Middleware\\TransformsRequest.php(21): Illuminate\\Pipeline\\Pipeline->Illuminate\\Pipeline\\{closure}(Object(Illuminate\\Http\\Request))
#25 D:\\MYProject\\htdocs\\VMS\\vendor\\laravel\\framework\\src\\Illuminate\\Foundation\\Http\\Middleware\\ConvertEmptyStringsToNull.php(31): Illuminate\\Foundation\\Http\\Middleware\\TransformsRequest->handle(Object(Illuminate\\Http\\Request), Object(Closure))
#26 D:\\MYProject\\htdocs\\VMS\\vendor\\laravel\\framework\\src\\Illuminate\\Pipeline\\Pipeline.php(167): Illuminate\\Foundation\\Http\\Middleware\\ConvertEmptyStringsToNull->handle(Object(Illuminate\\Http\\Request), Object(Closure))
#27 D:\\MYProject\\htdocs\\VMS\\vendor\\laravel\\framework\\src\\Illuminate\\Foundation\\Http\\Middleware\\TransformsRequest.php(21): Illuminate\\Pipeline\\Pipeline->Illuminate\\Pipeline\\{closure}(Object(Illuminate\\Http\\Request))
#28 D:\\MYProject\\htdocs\\VMS\\vendor\\laravel\\framework\\src\\Illuminate\\Foundation\\Http\\Middleware\\TrimStrings.php(40): Illuminate\\Foundation\\Http\\Middleware\\TransformsRequest->handle(Object(Illuminate\\Http\\Request), Object(Closure))
#29 D:\\MYProject\\htdocs\\VMS\\vendor\\laravel\\framework\\src\\Illuminate\\Pipeline\\Pipeline.php(167): Illuminate\\Foundation\\Http\\Middleware\\TrimStrings->handle(Object(Illuminate\\Http\\Request), Object(Closure))
#30 D:\\MYProject\\htdocs\\VMS\\vendor\\laravel\\framework\\src\\Illuminate\\Foundation\\Http\\Middleware\\ValidatePostSize.php(27): Illuminate\\Pipeline\\Pipeline->Illuminate\\Pipeline\\{closure}(Object(Illuminate\\Http\\Request))
#31 D:\\MYProject\\htdocs\\VMS\\vendor\\laravel\\framework\\src\\Illuminate\\Pipeline\\Pipeline.php(167): Illuminate\\Foundation\\Http\\Middleware\\ValidatePostSize->handle(Object(Illuminate\\Http\\Request), Object(Closure))
#32 D:\\MYProject\\htdocs\\VMS\\vendor\\laravel\\framework\\src\\Illuminate\\Foundation\\Http\\Middleware\\PreventRequestsDuringMaintenance.php(86): Illuminate\\Pipeline\\Pipeline->Illuminate\\Pipeline\\{closure}(Object(Illuminate\\Http\\Request))
#33 D:\\MYProject\\htdocs\\VMS\\vendor\\laravel\\framework\\src\\Illuminate\\Pipeline\\Pipeline.php(167): Illuminate\\Foundation\\Http\\Middleware\\PreventRequestsDuringMaintenance->handle(Object(Illuminate\\Http\\Request), Object(Closure))
#34 D:\\MYProject\\htdocs\\VMS\\vendor\\fruitcake\\laravel-cors\\src\\HandleCors.php(38): Illuminate\\Pipeline\\Pipeline->Illuminate\\Pipeline\\{closure}(Object(Illuminate\\Http\\Request))
#35 D:\\MYProject\\htdocs\\VMS\\vendor\\laravel\\framework\\src\\Illuminate\\Pipeline\\Pipeline.php(167): Fruitcake\\Cors\\HandleCors->handle(Object(Illuminate\\Http\\Request), Object(Closure))
#36 D:\\MYProject\\htdocs\\VMS\\vendor\\laravel\\framework\\src\\Illuminate\\Http\\Middleware\\TrustProxies.php(39): Illuminate\\Pipeline\\Pipeline->Illuminate\\Pipeline\\{closure}(Object(Illuminate\\Http\\Request))
#37 D:\\MYProject\\htdocs\\VMS\\vendor\\laravel\\framework\\src\\Illuminate\\Pipeline\\Pipeline.php(167): Illuminate\\Http\\Middleware\\TrustProxies->handle(Object(Illuminate\\Http\\Request), Object(Closure))
#38 D:\\MYProject\\htdocs\\VMS\\vendor\\laravel\\framework\\src\\Illuminate\\Pipeline\\Pipeline.php(103): Illuminate\\Pipeline\\Pipeline->Illuminate\\Pipeline\\{closure}(Object(Illuminate\\Http\\Request))
#39 D:\\MYProject\\htdocs\\VMS\\vendor\\laravel\\framework\\src\\Illuminate\\Foundation\\Http\\Kernel.php(142): Illuminate\\Pipeline\\Pipeline->then(Object(Closure))
#40 D:\\MYProject\\htdocs\\VMS\\vendor\\laravel\\framework\\src\\Illuminate\\Foundation\\Http\\Kernel.php(111): Illuminate\\Foundation\\Http\\Kernel->sendRequestThroughRouter(Object(Illuminate\\Http\\Request))
#41 D:\\MYProject\\htdocs\\VMS\\index.php(51): Illuminate\\Foundation\\Http\\Kernel->handle(Object(Illuminate\\Http\\Request))
#42 {main}
"} 
[2025-12-07 12:52:06] production.ERROR: No application encryption key has been specified. {"exception":"[object] (Illuminate\\Encryption\\MissingAppKeyException(code: 0): No application encryption key has been specified. at D:\\MYProject\\htdocs\\VMS\\vendor\\laravel\\framework\\src\\Illuminate\\Encryption\\EncryptionServiceProvider.php:101)
[stacktrace]
#0 D:\\MYProject\\htdocs\\VMS\\vendor\\laravel\\framework\\src\\Illuminate\\Support\\helpers.php(263): Illuminate\\Encryption\\EncryptionServiceProvider->Illuminate\\Encryption\\{closure}(NULL)
#1 D:\\MYProject\\htdocs\\VMS\\vendor\\laravel\\framework\\src\\Illuminate\\Encryption\\EncryptionServiceProvider.php(99): tap(NULL, Object(Closure))
#2 D:\\MYProject\\htdocs\\VMS\\vendor\\laravel\\framework\\src\\Illuminate\\Encryption\\EncryptionServiceProvider.php(82): Illuminate\\Encryption\\EncryptionServiceProvider->key(Array)
#3 D:\\MYProject\\htdocs\\VMS\\vendor\\laravel\\framework\\src\\Illuminate\\Encryption\\EncryptionServiceProvider.php(34): Illuminate\\Encryption\\EncryptionServiceProvider->parseKey(Array)
#4 D:\\MYProject\\htdocs\\VMS\\vendor\\laravel\\framework\\src\\Illuminate\\Container\\Container.php(873): Illuminate\\Encryption\\EncryptionServiceProvider->Illuminate\\Encryption\\{closure}(Object(Illuminate\\Foundation\\Application), Array)
#5 D:\\MYProject\\htdocs\\VMS\\vendor\\laravel\\framework\\src\\Illuminate\\Container\\Container.php(758): Illuminate\\Container\\Container->build(Object(Closure))
#6 D:\\MYProject\\htdocs\\VMS\\vendor\\laravel\\framework\\src\\Illuminate\\Foundation\\Application.php(853): Illuminate\\Container\\Container->resolve('encrypter', Array, true)
#7 D:\\MYProject\\htdocs\\VMS\\vendor\\laravel\\framework\\src\\Illuminate\\Container\\Container.php(694): Illuminate\\Foundation\\Application->resolve('encrypter', Array)
#8 D:\\MYProject\\htdocs\\VMS\\vendor\\laravel\\framework\\src\\Illuminate\\Foundation\\Application.php(838): Illuminate\\Container\\Container->make('encrypter', Array)
#9 D:\\MYProject\\htdocs\\VMS\\vendor\\laravel\\framework\\src\\Illuminate\\Container\\Container.php(1027): Illuminate\\Foundation\\Application->make('encrypter')
#10 D:\\MYProject\\htdocs\\VMS\\vendor\\laravel\\framework\\src\\Illuminate\\Container\\Container.php(947): Illuminate\\Container\\Container->resolveClass(Object(ReflectionParameter))
#11 D:\\MYProject\\htdocs\\VMS\\vendor\\laravel\\framework\\src\\Illuminate\\Container\\Container.php(908): Illuminate\\Container\\Container->resolveDependencies(Array)
#12 D:\\MYProject\\htdocs\\VMS\\vendor\\laravel\\framework\\src\\Illuminate\\Container\\Container.php(758): Illuminate\\Container\\Container->build('App\\\\Http\\\\Middle...')
#13 D:\\MYProject\\htdocs\\VMS\\vendor\\laravel\\framework\\src\\Illuminate\\Foundation\\Application.php(853): Illuminate\\Container\\Container->resolve('App\\\\Http\\\\Middle...', Array, true)
#14 D:\\MYProject\\htdocs\\VMS\\vendor\\laravel\\framework\\src\\Illuminate\\Container\\Container.php(694): Illuminate\\Foundation\\Application->resolve('App\\\\Http\\\\Middle...', Array)
#15 D:\\MYProject\\htdocs\\VMS\\vendor\\laravel\\framework\\src\\Illuminate\\Foundation\\Application.php(838): Illuminate\\Container\\Container->make('App\\\\Http\\\\Middle...', Array)
#16 D:\\MYProject\\htdocs\\VMS\\vendor\\laravel\\framework\\src\\Illuminate\\Foundation\\Http\\Kernel.php(206): Illuminate\\Foundation\\Application->make('App\\\\Http\\\\Middle...')
#17 D:\\MYProject\\htdocs\\VMS\\vendor\\laravel\\framework\\src\\Illuminate\\Foundation\\Http\\Kernel.php(180): Illuminate\\Foundation\\Http\\Kernel->terminateMiddleware(Object(Illuminate\\Http\\Request), Object(Illuminate\\Http\\JsonResponse))
#18 D:\\MYProject\\htdocs\\VMS\\index.php(55): Illuminate\\Foundation\\Http\\Kernel->terminate(Object(Illuminate\\Http\\Request), Object(Illuminate\\Http\\JsonResponse))
#19 {main}
"} 
[2025-12-07 16:08:59] local.ERROR: PDOException: SQLSTATE[HY000] [1045] Access denied for user 'forge'@'localhost' (using password: NO) in D:\MYProject\htdocs\VMS\vendor\doctrine\dbal\lib\Doctrine\DBAL\Driver\PDOConnection.php:38
Stack trace:
#0 D:\MYProject\htdocs\VMS\vendor\doctrine\dbal\lib\Doctrine\DBAL\Driver\PDOConnection.php(38): PDO->__construct('mysql:host=127....', 'forge', Object(SensitiveParameterValue), Array)
#1 D:\MYProject\htdocs\VMS\vendor\laravel\framework\src\Illuminate\Database\Connectors\Connector.php(67): Doctrine\DBAL\Driver\PDOConnection->__construct('mysql:host=127....', 'forge', '', Array)
#2 D:\MYProject\htdocs\VMS\vendor\laravel\framework\src\Illuminate\Database\Connectors\Connector.php(45): Illuminate\Database\Connectors\Connector->createPdoConnection('mysql:host=127....', 'forge', '', Array)
#3 D:\MYProject\htdocs\VMS\vendor\laravel\framework\src\Illuminate\Database\Connectors\MySqlConnector.php(24): Illuminate\Database\Connectors\Connector->createConnection('mysql:host=127....', Array, Array)
#4 D:\MYProject\htdocs\VMS\vendor\laravel\framework\src\Illuminate\Database\Connectors\ConnectionFactory.php(184): Illuminate\Database\Connectors\MySqlConnector->connect(Array)
#5 [internal function]: Illuminate\Database\Connectors\ConnectionFactory->Illuminate\Database\Connectors\{closure}()
#6 D:\MYProject\htdocs\VMS\vendor\laravel\framework\src\Illuminate\Database\Connection.php(1064): call_user_func(Object(Closure))
#7 D:\MYProject\htdocs\VMS\vendor\laravel\framework\src\Illuminate\Database\Connection.php(1100): Illuminate\Database\Connection->getPdo()
#8 D:\MYProject\htdocs\VMS\vendor\laravel\framework\src\Illuminate\Database\Connection.php(442): Illuminate\Database\Connection->getReadPdo()
#9 D:\MYProject\htdocs\VMS\vendor\laravel\framework\src\Illuminate\Database\Connection.php(368): Illuminate\Database\Connection->getPdoForSelect(true)
#10 D:\MYProject\htdocs\VMS\vendor\laravel\framework\src\Illuminate\Database\Connection.php(705): Illuminate\Database\Connection->Illuminate\Database\{closure}('select count(*)...', Array)
#11 D:\MYProject\htdocs\VMS\vendor\laravel\framework\src\Illuminate\Database\Connection.php(672): Illuminate\Database\Connection->runQueryCallback('select count(*)...', Array, Object(Closure))
#12 D:\MYProject\htdocs\VMS\vendor\laravel\framework\src\Illuminate\Database\Connection.php(359): Illuminate\Database\Connection->run('select count(*)...', Array, Object(Closure))
#13 D:\MYProject\htdocs\VMS\vendor\laravel\framework\src\Illuminate\Database\Query\Builder.php(2413): Illuminate\Database\Connection->select('select count(*)...', Array, true)
#14 D:\MYProject\htdocs\VMS\vendor\laravel\framework\src\Illuminate\Database\Query\Builder.php(2402): Illuminate\Database\Query\Builder->runSelect()
#15 D:\MYProject\htdocs\VMS\vendor\laravel\framework\src\Illuminate\Database\Query\Builder.php(2936): Illuminate\Database\Query\Builder->Illuminate\Database\Query\{closure}()
#16 D:\MYProject\htdocs\VMS\vendor\laravel\framework\src\Illuminate\Database\Query\Builder.php(2401): Illuminate\Database\Query\Builder->onceWithColumns(Array, Object(Closure))
#17 D:\MYProject\htdocs\VMS\vendor\laravel\framework\src\Illuminate\Database\Query\Builder.php(2863): Illuminate\Database\Query\Builder->get(Array)
#18 D:\MYProject\htdocs\VMS\vendor\laravel\framework\src\Illuminate\Database\Query\Builder.php(2791): Illuminate\Database\Query\Builder->aggregate('count', Array)
#19 D:\MYProject\htdocs\VMS\vendor\yajra\laravel-datatables-oracle\src\QueryDataTable.php(215): Illuminate\Database\Query\Builder->count()
#20 D:\MYProject\htdocs\VMS\vendor\yajra\laravel-datatables-oracle\src\QueryDataTable.php(190): Yajra\DataTables\QueryDataTable->count()
#21 D:\MYProject\htdocs\VMS\vendor\yajra\laravel-datatables-oracle\src\QueryDataTable.php(139): Yajra\DataTables\QueryDataTable->totalCount()
#22 D:\MYProject\htdocs\VMS\vendor\yajra\laravel-datatables-oracle\src\QueryDataTable.php(99): Yajra\DataTables\QueryDataTable->prepareQuery()
#23 D:\MYProject\htdocs\VMS\app\Http\Controllers\DriverController.php(183): Yajra\DataTables\QueryDataTable->make(true)
#24 D:\MYProject\htdocs\VMS\vendor\laravel\framework\src\Illuminate\Routing\Controller.php(54): App\Http\Controllers\DriverController->data()
#25 D:\MYProject\htdocs\VMS\vendor\laravel\framework\src\Illuminate\Routing\ControllerDispatcher.php(45): Illuminate\Routing\Controller->callAction('data', Array)
#26 D:\MYProject\htdocs\VMS\vendor\laravel\framework\src\Illuminate\Routing\Route.php(261): Illuminate\Routing\ControllerDispatcher->dispatch(Object(Illuminate\Routing\Route), Object(App\Http\Controllers\DriverController), 'data')
#27 D:\MYProject\htdocs\VMS\vendor\laravel\framework\src\Illuminate\Routing\Route.php(205): Illuminate\Routing\Route->runController()
#28 D:\MYProject\htdocs\VMS\vendor\laravel\framework\src\Illuminate\Routing\Router.php(721): Illuminate\Routing\Route->run()
#29 D:\MYProject\htdocs\VMS\vendor\laravel\framework\src\Illuminate\Pipeline\Pipeline.php(128): Illuminate\Routing\Router->Illuminate\Routing\{closure}(Object(Illuminate\Http\Request))
#30 D:\MYProject\htdocs\VMS\app\Http\Middleware\PreventBackHistory.php(21): Illuminate\Pipeline\Pipeline->Illuminate\Pipeline\{closure}(Object(Illuminate\Http\Request))
#31 D:\MYProject\htdocs\VMS\vendor\laravel\framework\src\Illuminate\Pipeline\Pipeline.php(167): App\Http\Middleware\PreventBackHistory->handle(Object(Illuminate\Http\Request), Object(Closure))
#32 D:\MYProject\htdocs\VMS\vendor\laravel\framework\src\Illuminate\Routing\Middleware\SubstituteBindings.php(50): Illuminate\Pipeline\Pipeline->Illuminate\Pipeline\{closure}(Object(Illuminate\Http\Request))
#33 D:\MYProject\htdocs\VMS\vendor\laravel\framework\src\Illuminate\Pipeline\Pipeline.php(167): Illuminate\Routing\Middleware\SubstituteBindings->handle(Object(Illuminate\Http\Request), Object(Closure))
#34 D:\MYProject\htdocs\VMS\vendor\laravel\framework\src\Illuminate\Foundation\Http\Middleware\VerifyCsrfToken.php(78): Illuminate\Pipeline\Pipeline->Illuminate\Pipeline\{closure}(Object(Illuminate\Http\Request))
#35 D:\MYProject\htdocs\VMS\vendor\laravel\framework\src\Illuminate\Pipeline\Pipeline.php(167): Illuminate\Foundation\Http\Middleware\VerifyCsrfToken->handle(Object(Illuminate\Http\Request), Object(Closure))
#36 D:\MYProject\htdocs\VMS\vendor\laravel\framework\src\Illuminate\View\Middleware\ShareErrorsFromSession.php(49): Illuminate\Pipeline\Pipeline->Illuminate\Pipeline\{closure}(Object(Illuminate\Http\Request))
#37 D:\MYProject\htdocs\VMS\vendor\laravel\framework\src\Illuminate\Pipeline\Pipeline.php(167): Illuminate\View\Middleware\ShareErrorsFromSession->handle(Object(Illuminate\Http\Request), Object(Closure))
#38 D:\MYProject\htdocs\VMS\vendor\laravel\framework\src\Illuminate\Session\Middleware\StartSession.php(121): Illuminate\Pipeline\Pipeline->Illuminate\Pipeline\{closure}(Object(Illuminate\Http\Request))
#39 D:\MYProject\htdocs\VMS\vendor\laravel\framework\src\Illuminate\Session\Middleware\StartSession.php(64): Illuminate\Session\Middleware\StartSession->handleStatefulRequest(Object(Illuminate\Http\Request), Object(Illuminate\Session\Store), Object(Closure))
#40 D:\MYProject\htdocs\VMS\vendor\laravel\framework\src\Illuminate\Pipeline\Pipeline.php(167): Illuminate\Session\Middleware\StartSession->handle(Object(Illuminate\Http\Request), Object(Closure))
#41 D:\MYProject\htdocs\VMS\vendor\laravel\framework\src\Illuminate\Cookie\Middleware\AddQueuedCookiesToResponse.php(37): Illuminate\Pipeline\Pipeline->Illuminate\Pipeline\{closure}(Object(Illuminate\Http\Request))
#42 D:\MYProject\htdocs\VMS\vendor\laravel\framework\src\Illuminate\Pipeline\Pipeline.php(167): Illuminate\Cookie\Middleware\AddQueuedCookiesToResponse->handle(Object(Illuminate\Http\Request), Object(Closure))
#43 D:\MYProject\htdocs\VMS\vendor\laravel\framework\src\Illuminate\Cookie\Middleware\EncryptCookies.php(67): Illuminate\Pipeline\Pipeline->Illuminate\Pipeline\{closure}(Object(Illuminate\Http\Request))
#44 D:\MYProject\htdocs\VMS\vendor\laravel\framework\src\Illuminate\Pipeline\Pipeline.php(167): Illuminate\Cookie\Middleware\EncryptCookies->handle(Object(Illuminate\Http\Request), Object(Closure))
#45 D:\MYProject\htdocs\VMS\vendor\laravel\framework\src\Illuminate\Pipeline\Pipeline.php(103): Illuminate\Pipeline\Pipeline->Illuminate\Pipeline\{closure}(Object(Illuminate\Http\Request))
#46 D:\MYProject\htdocs\VMS\vendor\laravel\framework\src\Illuminate\Routing\Router.php(719): Illuminate\Pipeline\Pipeline->then(Object(Closure))
#47 D:\MYProject\htdocs\VMS\vendor\laravel\framework\src\Illuminate\Routing\Router.php(698): Illuminate\Routing\Router->runRouteWithinStack(Object(Illuminate\Routing\Route), Object(Illuminate\Http\Request))
#48 D:\MYProject\htdocs\VMS\vendor\laravel\framework\src\Illuminate\Routing\Router.php(662): Illuminate\Routing\Router->runRoute(Object(Illuminate\Http\Request), Object(Illuminate\Routing\Route))
#49 D:\MYProject\htdocs\VMS\vendor\laravel\framework\src\Illuminate\Routing\Router.php(651): Illuminate\Routing\Router->dispatchToRoute(Object(Illuminate\Http\Request))
#50 D:\MYProject\htdocs\VMS\vendor\laravel\framework\src\Illuminate\Foundation\Http\Kernel.php(167): Illuminate\Routing\Router->dispatch(Object(Illuminate\Http\Request))
#51 D:\MYProject\htdocs\VMS\vendor\laravel\framework\src\Illuminate\Pipeline\Pipeline.php(128): Illuminate\Foundation\Http\Kernel->Illuminate\Foundation\Http\{closure}(Object(Illuminate\Http\Request))
#52 D:\MYProject\htdocs\VMS\vendor\laravel\framework\src\Illuminate\Foundation\Http\Middleware\TransformsRequest.php(21): Illuminate\Pipeline\Pipeline->Illuminate\Pipeline\{closure}(Object(Illuminate\Http\Request))
#53 D:\MYProject\htdocs\VMS\vendor\laravel\framework\src\Illuminate\Foundation\Http\Middleware\ConvertEmptyStringsToNull.php(31): Illuminate\Foundation\Http\Middleware\TransformsRequest->handle(Object(Illuminate\Http\Request), Object(Closure))
#54 D:\MYProject\htdocs\VMS\vendor\laravel\framework\src\Illuminate\Pipeline\Pipeline.php(167): Illuminate\Foundation\Http\Middleware\ConvertEmptyStringsToNull->handle(Object(Illuminate\Http\Request), Object(Closure))
#55 D:\MYProject\htdocs\VMS\vendor\laravel\framework\src\Illuminate\Foundation\Http\Middleware\TransformsRequest.php(21): Illuminate\Pipeline\Pipeline->Illuminate\Pipeline\{closure}(Object(Illuminate\Http\Request))
#56 D:\MYProject\htdocs\VMS\vendor\laravel\framework\src\Illuminate\Foundation\Http\Middleware\TrimStrings.php(40): Illuminate\Foundation\Http\Middleware\TransformsRequest->handle(Object(Illuminate\Http\Request), Object(Closure))
#57 D:\MYProject\htdocs\VMS\vendor\laravel\framework\src\Illuminate\Pipeline\Pipeline.php(167): Illuminate\Foundation\Http\Middleware\TrimStrings->handle(Object(Illuminate\Http\Request), Object(Closure))
#58 D:\MYProject\htdocs\VMS\vendor\laravel\framework\src\Illuminate\Foundation\Http\Middleware\ValidatePostSize.php(27): Illuminate\Pipeline\Pipeline->Illuminate\Pipeline\{closure}(Object(Illuminate\Http\Request))
#59 D:\MYProject\htdocs\VMS\vendor\laravel\framework\src\Illuminate\Pipeline\Pipeline.php(167): Illuminate\Foundation\Http\Middleware\ValidatePostSize->handle(Object(Illuminate\Http\Request), Object(Closure))
#60 D:\MYProject\htdocs\VMS\vendor\laravel\framework\src\Illuminate\Foundation\Http\Middleware\PreventRequestsDuringMaintenance.php(86): Illuminate\Pipeline\Pipeline->Illuminate\Pipeline\{closure}(Object(Illuminate\Http\Request))
#61 D:\MYProject\htdocs\VMS\vendor\laravel\framework\src\Illuminate\Pipeline\Pipeline.php(167): Illuminate\Foundation\Http\Middleware\PreventRequestsDuringMaintenance->handle(Object(Illuminate\Http\Request), Object(Closure))
#62 D:\MYProject\htdocs\VMS\vendor\fruitcake\laravel-cors\src\HandleCors.php(38): Illuminate\Pipeline\Pipeline->Illuminate\Pipeline\{closure}(Object(Illuminate\Http\Request))
#63 D:\MYProject\htdocs\VMS\vendor\laravel\framework\src\Illuminate\Pipeline\Pipeline.php(167): Fruitcake\Cors\HandleCors->handle(Object(Illuminate\Http\Request), Object(Closure))
#64 D:\MYProject\htdocs\VMS\vendor\laravel\framework\src\Illuminate\Http\Middleware\TrustProxies.php(39): Illuminate\Pipeline\Pipeline->Illuminate\Pipeline\{closure}(Object(Illuminate\Http\Request))
#65 D:\MYProject\htdocs\VMS\vendor\laravel\framework\src\Illuminate\Pipeline\Pipeline.php(167): Illuminate\Http\Middleware\TrustProxies->handle(Object(Illuminate\Http\Request), Object(Closure))
#66 D:\MYProject\htdocs\VMS\vendor\laravel\framework\src\Illuminate\Pipeline\Pipeline.php(103): Illuminate\Pipeline\Pipeline->Illuminate\Pipeline\{closure}(Object(Illuminate\Http\Request))
#67 D:\MYProject\htdocs\VMS\vendor\laravel\framework\src\Illuminate\Foundation\Http\Kernel.php(142): Illuminate\Pipeline\Pipeline->then(Object(Closure))
#68 D:\MYProject\htdocs\VMS\vendor\laravel\framework\src\Illuminate\Foundation\Http\Kernel.php(111): Illuminate\Foundation\Http\Kernel->sendRequestThroughRouter(Object(Illuminate\Http\Request))
#69 D:\MYProject\htdocs\VMS\index.php(51): Illuminate\Foundation\Http\Kernel->handle(Object(Illuminate\Http\Request))
#70 {main}

Next Doctrine\DBAL\Driver\PDO\Exception: SQLSTATE[HY000] [1045] Access denied for user 'forge'@'localhost' (using password: NO) in D:\MYProject\htdocs\VMS\vendor\doctrine\dbal\lib\Doctrine\DBAL\Driver\PDO\Exception.php:18
Stack trace:
#0 D:\MYProject\htdocs\VMS\vendor\doctrine\dbal\lib\Doctrine\DBAL\Driver\PDOConnection.php(42): Doctrine\DBAL\Driver\PDO\Exception::new(Object(PDOException))
#1 D:\MYProject\htdocs\VMS\vendor\laravel\framework\src\Illuminate\Database\Connectors\Connector.php(67): Doctrine\DBAL\Driver\PDOConnection->__construct('mysql:host=127....', 'forge', '', Array)
#2 D:\MYProject\htdocs\VMS\vendor\laravel\framework\src\Illuminate\Database\Connectors\Connector.php(45): Illuminate\Database\Connectors\Connector->createPdoConnection('mysql:host=127....', 'forge', '', Array)
#3 D:\MYProject\htdocs\VMS\vendor\laravel\framework\src\Illuminate\Database\Connectors\MySqlConnector.php(24): Illuminate\Database\Connectors\Connector->createConnection('mysql:host=127....', Array, Array)
#4 D:\MYProject\htdocs\VMS\vendor\laravel\framework\src\Illuminate\Database\Connectors\ConnectionFactory.php(184): Illuminate\Database\Connectors\MySqlConnector->connect(Array)
#5 [internal function]: Illuminate\Database\Connectors\ConnectionFactory->Illuminate\Database\Connectors\{closure}()
#6 D:\MYProject\htdocs\VMS\vendor\laravel\framework\src\Illuminate\Database\Connection.php(1064): call_user_func(Object(Closure))
#7 D:\MYProject\htdocs\VMS\vendor\laravel\framework\src\Illuminate\Database\Connection.php(1100): Illuminate\Database\Connection->getPdo()
#8 D:\MYProject\htdocs\VMS\vendor\laravel\framework\src\Illuminate\Database\Connection.php(442): Illuminate\Database\Connection->getReadPdo()
#9 D:\MYProject\htdocs\VMS\vendor\laravel\framework\src\Illuminate\Database\Connection.php(368): Illuminate\Database\Connection->getPdoForSelect(true)
#10 D:\MYProject\htdocs\VMS\vendor\laravel\framework\src\Illuminate\Database\Connection.php(705): Illuminate\Database\Connection->Illuminate\Database\{closure}('select count(*)...', Array)
#11 D:\MYProject\htdocs\VMS\vendor\laravel\framework\src\Illuminate\Database\Connection.php(672): Illuminate\Database\Connection->runQueryCallback('select count(*)...', Array, Object(Closure))
#12 D:\MYProject\htdocs\VMS\vendor\laravel\framework\src\Illuminate\Database\Connection.php(359): Illuminate\Database\Connection->run('select count(*)...', Array, Object(Closure))
#13 D:\MYProject\htdocs\VMS\vendor\laravel\framework\src\Illuminate\Database\Query\Builder.php(2413): Illuminate\Database\Connection->select('select count(*)...', Array, true)
#14 D:\MYProject\htdocs\VMS\vendor\laravel\framework\src\Illuminate\Database\Query\Builder.php(2402): Illuminate\Database\Query\Builder->runSelect()
#15 D:\MYProject\htdocs\VMS\vendor\laravel\framework\src\Illuminate\Database\Query\Builder.php(2936): Illuminate\Database\Query\Builder->Illuminate\Database\Query\{closure}()
#16 D:\MYProject\htdocs\VMS\vendor\laravel\framework\src\Illuminate\Database\Query\Builder.php(2401): Illuminate\Database\Query\Builder->onceWithColumns(Array, Object(Closure))
#17 D:\MYProject\htdocs\VMS\vendor\laravel\framework\src\Illuminate\Database\Query\Builder.php(2863): Illuminate\Database\Query\Builder->get(Array)
#18 D:\MYProject\htdocs\VMS\vendor\laravel\framework\src\Illuminate\Database\Query\Builder.php(2791): Illuminate\Database\Query\Builder->aggregate('count', Array)
#19 D:\MYProject\htdocs\VMS\vendor\yajra\laravel-datatables-oracle\src\QueryDataTable.php(215): Illuminate\Database\Query\Builder->count()
#20 D:\MYProject\htdocs\VMS\vendor\yajra\laravel-datatables-oracle\src\QueryDataTable.php(190): Yajra\DataTables\QueryDataTable->count()
#21 D:\MYProject\htdocs\VMS\vendor\yajra\laravel-datatables-oracle\src\QueryDataTable.php(139): Yajra\DataTables\QueryDataTable->totalCount()
#22 D:\MYProject\htdocs\VMS\vendor\yajra\laravel-datatables-oracle\src\QueryDataTable.php(99): Yajra\DataTables\QueryDataTable->prepareQuery()
#23 D:\MYProject\htdocs\VMS\app\Http\Controllers\DriverController.php(183): Yajra\DataTables\QueryDataTable->make(true)
#24 D:\MYProject\htdocs\VMS\vendor\laravel\framework\src\Illuminate\Routing\Controller.php(54): App\Http\Controllers\DriverController->data()
#25 D:\MYProject\htdocs\VMS\vendor\laravel\framework\src\Illuminate\Routing\ControllerDispatcher.php(45): Illuminate\Routing\Controller->callAction('data', Array)
#26 D:\MYProject\htdocs\VMS\vendor\laravel\framework\src\Illuminate\Routing\Route.php(261): Illuminate\Routing\ControllerDispatcher->dispatch(Object(Illuminate\Routing\Route), Object(App\Http\Controllers\DriverController), 'data')
#27 D:\MYProject\htdocs\VMS\vendor\laravel\framework\src\Illuminate\Routing\Route.php(205): Illuminate\Routing\Route->runController()
#28 D:\MYProject\htdocs\VMS\vendor\laravel\framework\src\Illuminate\Routing\Router.php(721): Illuminate\Routing\Route->run()
#29 D:\MYProject\htdocs\VMS\vendor\laravel\framework\src\Illuminate\Pipeline\Pipeline.php(128): Illuminate\Routing\Router->Illuminate\Routing\{closure}(Object(Illuminate\Http\Request))
#30 D:\MYProject\htdocs\VMS\app\Http\Middleware\PreventBackHistory.php(21): Illuminate\Pipeline\Pipeline->Illuminate\Pipeline\{closure}(Object(Illuminate\Http\Request))
#31 D:\MYProject\htdocs\VMS\vendor\laravel\framework\src\Illuminate\Pipeline\Pipeline.php(167): App\Http\Middleware\PreventBackHistory->handle(Object(Illuminate\Http\Request), Object(Closure))
#32 D:\MYProject\htdocs\VMS\vendor\laravel\framework\src\Illuminate\Routing\Middleware\SubstituteBindings.php(50): Illuminate\Pipeline\Pipeline->Illuminate\Pipeline\{closure}(Object(Illuminate\Http\Request))
#33 D:\MYProject\htdocs\VMS\vendor\laravel\framework\src\Illuminate\Pipeline\Pipeline.php(167): Illuminate\Routing\Middleware\SubstituteBindings->handle(Object(Illuminate\Http\Request), Object(Closure))
#34 D:\MYProject\htdocs\VMS\vendor\laravel\framework\src\Illuminate\Foundation\Http\Middleware\VerifyCsrfToken.php(78): Illuminate\Pipeline\Pipeline->Illuminate\Pipeline\{closure}(Object(Illuminate\Http\Request))
#35 D:\MYProject\htdocs\VMS\vendor\laravel\framework\src\Illuminate\Pipeline\Pipeline.php(167): Illuminate\Foundation\Http\Middleware\VerifyCsrfToken->handle(Object(Illuminate\Http\Request), Object(Closure))
#36 D:\MYProject\htdocs\VMS\vendor\laravel\framework\src\Illuminate\View\Middleware\ShareErrorsFromSession.php(49): Illuminate\Pipeline\Pipeline->Illuminate\Pipeline\{closure}(Object(Illuminate\Http\Request))
#37 D:\MYProject\htdocs\VMS\vendor\laravel\framework\src\Illuminate\Pipeline\Pipeline.php(167): Illuminate\View\Middleware\ShareErrorsFromSession->handle(Object(Illuminate\Http\Request), Object(Closure))
#38 D:\MYProject\htdocs\VMS\vendor\laravel\framework\src\Illuminate\Session\Middleware\StartSession.php(121): Illuminate\Pipeline\Pipeline->Illuminate\Pipeline\{closure}(Object(Illuminate\Http\Request))
#39 D:\MYProject\htdocs\VMS\vendor\laravel\framework\src\Illuminate\Session\Middleware\StartSession.php(64): Illuminate\Session\Middleware\StartSession->handleStatefulRequest(Object(Illuminate\Http\Request), Object(Illuminate\Session\Store), Object(Closure))
#40 D:\MYProject\htdocs\VMS\vendor\laravel\framework\src\Illuminate\Pipeline\Pipeline.php(167): Illuminate\Session\Middleware\StartSession->handle(Object(Illuminate\Http\Request), Object(Closure))
#41 D:\MYProject\htdocs\VMS\vendor\laravel\framework\src\Illuminate\Cookie\Middleware\AddQueuedCookiesToResponse.php(37): Illuminate\Pipeline\Pipeline->Illuminate\Pipeline\{closure}(Object(Illuminate\Http\Request))
#42 D:\MYProject\htdocs\VMS\vendor\laravel\framework\src\Illuminate\Pipeline\Pipeline.php(167): Illuminate\Cookie\Middleware\AddQueuedCookiesToResponse->handle(Object(Illuminate\Http\Request), Object(Closure))
#43 D:\MYProject\htdocs\VMS\vendor\laravel\framework\src\Illuminate\Cookie\Middleware\EncryptCookies.php(67): Illuminate\Pipeline\Pipeline->Illuminate\Pipeline\{closure}(Object(Illuminate\Http\Request))
#44 D:\MYProject\htdocs\VMS\vendor\laravel\framework\src\Illuminate\Pipeline\Pipeline.php(167): Illuminate\Cookie\Middleware\EncryptCookies->handle(Object(Illuminate\Http\Request), Object(Closure))
#45 D:\MYProject\htdocs\VMS\vendor\laravel\framework\src\Illuminate\Pipeline\Pipeline.php(103): Illuminate\Pipeline\Pipeline->Illuminate\Pipeline\{closure}(Object(Illuminate\Http\Request))
#46 D:\MYProject\htdocs\VMS\vendor\laravel\framework\src\Illuminate\Routing\Router.php(719): Illuminate\Pipeline\Pipeline->then(Object(Closure))
#47 D:\MYProject\htdocs\VMS\vendor\laravel\framework\src\Illuminate\Routing\Router.php(698): Illuminate\Routing\Router->runRouteWithinStack(Object(Illuminate\Routing\Route), Object(Illuminate\Http\Request))
#48 D:\MYProject\htdocs\VMS\vendor\laravel\framework\src\Illuminate\Routing\Router.php(662): Illuminate\Routing\Router->runRoute(Object(Illuminate\Http\Request), Object(Illuminate\Routing\Route))
#49 D:\MYProject\htdocs\VMS\vendor\laravel\framework\src\Illuminate\Routing\Router.php(651): Illuminate\Routing\Router->dispatchToRoute(Object(Illuminate\Http\Request))
#50 D:\MYProject\htdocs\VMS\vendor\laravel\framework\src\Illuminate\Foundation\Http\Kernel.php(167): Illuminate\Routing\Router->dispatch(Object(Illuminate\Http\Request))
#51 D:\MYProject\htdocs\VMS\vendor\laravel\framework\src\Illuminate\Pipeline\Pipeline.php(128): Illuminate\Foundation\Http\Kernel->Illuminate\Foundation\Http\{closure}(Object(Illuminate\Http\Request))
#52 D:\MYProject\htdocs\VMS\vendor\laravel\framework\src\Illuminate\Foundation\Http\Middleware\TransformsRequest.php(21): Illuminate\Pipeline\Pipeline->Illuminate\Pipeline\{closure}(Object(Illuminate\Http\Request))
#53 D:\MYProject\htdocs\VMS\vendor\laravel\framework\src\Illuminate\Foundation\Http\Middleware\ConvertEmptyStringsToNull.php(31): Illuminate\Foundation\Http\Middleware\TransformsRequest->handle(Object(Illuminate\Http\Request), Object(Closure))
#54 D:\MYProject\htdocs\VMS\vendor\laravel\framework\src\Illuminate\Pipeline\Pipeline.php(167): Illuminate\Foundation\Http\Middleware\ConvertEmptyStringsToNull->handle(Object(Illuminate\Http\Request), Object(Closure))
#55 D:\MYProject\htdocs\VMS\vendor\laravel\framework\src\Illuminate\Foundation\Http\Middleware\TransformsRequest.php(21): Illuminate\Pipeline\Pipeline->Illuminate\Pipeline\{closure}(Object(Illuminate\Http\Request))
#56 D:\MYProject\htdocs\VMS\vendor\laravel\framework\src\Illuminate\Foundation\Http\Middleware\TrimStrings.php(40): Illuminate\Foundation\Http\Middleware\TransformsRequest->handle(Object(Illuminate\Http\Request), Object(Closure))
#57 D:\MYProject\htdocs\VMS\vendor\laravel\framework\src\Illuminate\Pipeline\Pipeline.php(167): Illuminate\Foundation\Http\Middleware\TrimStrings->handle(Object(Illuminate\Http\Request), Object(Closure))
#58 D:\MYProject\htdocs\VMS\vendor\laravel\framework\src\Illuminate\Foundation\Http\Middleware\ValidatePostSize.php(27): Illuminate\Pipeline\Pipeline->Illuminate\Pipeline\{closure}(Object(Illuminate\Http\Request))
#59 D:\MYProject\htdocs\VMS\vendor\laravel\framework\src\Illuminate\Pipeline\Pipeline.php(167): Illuminate\Foundation\Http\Middleware\ValidatePostSize->handle(Object(Illuminate\Http\Request), Object(Closure))
#60 D:\MYProject\htdocs\VMS\vendor\laravel\framework\src\Illuminate\Foundation\Http\Middleware\PreventRequestsDuringMaintenance.php(86): Illuminate\Pipeline\Pipeline->Illuminate\Pipeline\{closure}(Object(Illuminate\Http\Request))
#61 D:\MYProject\htdocs\VMS\vendor\laravel\framework\src\Illuminate\Pipeline\Pipeline.php(167): Illuminate\Foundation\Http\Middleware\PreventRequestsDuringMaintenance->handle(Object(Illuminate\Http\Request), Object(Closure))
#62 D:\MYProject\htdocs\VMS\vendor\fruitcake\laravel-cors\src\HandleCors.php(38): Illuminate\Pipeline\Pipeline->Illuminate\Pipeline\{closure}(Object(Illuminate\Http\Request))
#63 D:\MYProject\htdocs\VMS\vendor\laravel\framework\src\Illuminate\Pipeline\Pipeline.php(167): Fruitcake\Cors\HandleCors->handle(Object(Illuminate\Http\Request), Object(Closure))
#64 D:\MYProject\htdocs\VMS\vendor\laravel\framework\src\Illuminate\Http\Middleware\TrustProxies.php(39): Illuminate\Pipeline\Pipeline->Illuminate\Pipeline\{closure}(Object(Illuminate\Http\Request))
#65 D:\MYProject\htdocs\VMS\vendor\laravel\framework\src\Illuminate\Pipeline\Pipeline.php(167): Illuminate\Http\Middleware\TrustProxies->handle(Object(Illuminate\Http\Request), Object(Closure))
#66 D:\MYProject\htdocs\VMS\vendor\laravel\framework\src\Illuminate\Pipeline\Pipeline.php(103): Illuminate\Pipeline\Pipeline->Illuminate\Pipeline\{closure}(Object(Illuminate\Http\Request))
#67 D:\MYProject\htdocs\VMS\vendor\laravel\framework\src\Illuminate\Foundation\Http\Kernel.php(142): Illuminate\Pipeline\Pipeline->then(Object(Closure))
#68 D:\MYProject\htdocs\VMS\vendor\laravel\framework\src\Illuminate\Foundation\Http\Kernel.php(111): Illuminate\Foundation\Http\Kernel->sendRequestThroughRouter(Object(Illuminate\Http\Request))
#69 D:\MYProject\htdocs\VMS\index.php(51): Illuminate\Foundation\Http\Kernel->handle(Object(Illuminate\Http\Request))
#70 {main}

Next Illuminate\Database\QueryException: SQLSTATE[HY000] [1045] Access denied for user 'forge'@'localhost' (using password: NO) (SQL: select count(*) as aggregate from (select `id`, `unit_id`, `department_id`, `driver_name`, `license_number`, `nid`, `employee_nid`, `license_type`, `license_issue_date`, `date_of_birth`, `joining_date`, `present_address`, `permanent_address`, `mobile`, `working_time_slot`, `leave_status`, `photograph` from `drivers` where `drivers`.`deleted_at` is null order by `created_at` desc) count_row_table) in D:\MYProject\htdocs\VMS\vendor\laravel\framework\src\Illuminate\Database\Connection.php:712
Stack trace:
#0 D:\MYProject\htdocs\VMS\vendor\laravel\framework\src\Illuminate\Database\Connection.php(672): Illuminate\Database\Connection->runQueryCallback('select count(*)...', Array, Object(Closure))
#1 D:\MYProject\htdocs\VMS\vendor\laravel\framework\src\Illuminate\Database\Connection.php(359): Illuminate\Database\Connection->run('select count(*)...', Array, Object(Closure))
#2 D:\MYProject\htdocs\VMS\vendor\laravel\framework\src\Illuminate\Database\Query\Builder.php(2413): Illuminate\Database\Connection->select('select count(*)...', Array, true)
#3 D:\MYProject\htdocs\VMS\vendor\laravel\framework\src\Illuminate\Database\Query\Builder.php(2402): Illuminate\Database\Query\Builder->runSelect()
#4 D:\MYProject\htdocs\VMS\vendor\laravel\framework\src\Illuminate\Database\Query\Builder.php(2936): Illuminate\Database\Query\Builder->Illuminate\Database\Query\{closure}()
#5 D:\MYProject\htdocs\VMS\vendor\laravel\framework\src\Illuminate\Database\Query\Builder.php(2401): Illuminate\Database\Query\Builder->onceWithColumns(Array, Object(Closure))
#6 D:\MYProject\htdocs\VMS\vendor\laravel\framework\src\Illuminate\Database\Query\Builder.php(2863): Illuminate\Database\Query\Builder->get(Array)
#7 D:\MYProject\htdocs\VMS\vendor\laravel\framework\src\Illuminate\Database\Query\Builder.php(2791): Illuminate\Database\Query\Builder->aggregate('count', Array)
#8 D:\MYProject\htdocs\VMS\vendor\yajra\laravel-datatables-oracle\src\QueryDataTable.php(215): Illuminate\Database\Query\Builder->count()
#9 D:\MYProject\htdocs\VMS\vendor\yajra\laravel-datatables-oracle\src\QueryDataTable.php(190): Yajra\DataTables\QueryDataTable->count()
#10 D:\MYProject\htdocs\VMS\vendor\yajra\laravel-datatables-oracle\src\QueryDataTable.php(139): Yajra\DataTables\QueryDataTable->totalCount()
#11 D:\MYProject\htdocs\VMS\vendor\yajra\laravel-datatables-oracle\src\QueryDataTable.php(99): Yajra\DataTables\QueryDataTable->prepareQuery()
#12 D:\MYProject\htdocs\VMS\app\Http\Controllers\DriverController.php(183): Yajra\DataTables\QueryDataTable->make(true)
#13 D:\MYProject\htdocs\VMS\vendor\laravel\framework\src\Illuminate\Routing\Controller.php(54): App\Http\Controllers\DriverController->data()
#14 D:\MYProject\htdocs\VMS\vendor\laravel\framework\src\Illuminate\Routing\ControllerDispatcher.php(45): Illuminate\Routing\Controller->callAction('data', Array)
#15 D:\MYProject\htdocs\VMS\vendor\laravel\framework\src\Illuminate\Routing\Route.php(261): Illuminate\Routing\ControllerDispatcher->dispatch(Object(Illuminate\Routing\Route), Object(App\Http\Controllers\DriverController), 'data')
#16 D:\MYProject\htdocs\VMS\vendor\laravel\framework\src\Illuminate\Routing\Route.php(205): Illuminate\Routing\Route->runController()
#17 D:\MYProject\htdocs\VMS\vendor\laravel\framework\src\Illuminate\Routing\Router.php(721): Illuminate\Routing\Route->run()
#18 D:\MYProject\htdocs\VMS\vendor\laravel\framework\src\Illuminate\Pipeline\Pipeline.php(128): Illuminate\Routing\Router->Illuminate\Routing\{closure}(Object(Illuminate\Http\Request))
#19 D:\MYProject\htdocs\VMS\app\Http\Middleware\PreventBackHistory.php(21): Illuminate\Pipeline\Pipeline->Illuminate\Pipeline\{closure}(Object(Illuminate\Http\Request))
#20 D:\MYProject\htdocs\VMS\vendor\laravel\framework\src\Illuminate\Pipeline\Pipeline.php(167): App\Http\Middleware\PreventBackHistory->handle(Object(Illuminate\Http\Request), Object(Closure))
#21 D:\MYProject\htdocs\VMS\vendor\laravel\framework\src\Illuminate\Routing\Middleware\SubstituteBindings.php(50): Illuminate\Pipeline\Pipeline->Illuminate\Pipeline\{closure}(Object(Illuminate\Http\Request))
#22 D:\MYProject\htdocs\VMS\vendor\laravel\framework\src\Illuminate\Pipeline\Pipeline.php(167): Illuminate\Routing\Middleware\SubstituteBindings->handle(Object(Illuminate\Http\Request), Object(Closure))
#23 D:\MYProject\htdocs\VMS\vendor\laravel\framework\src\Illuminate\Foundation\Http\Middleware\VerifyCsrfToken.php(78): Illuminate\Pipeline\Pipeline->Illuminate\Pipeline\{closure}(Object(Illuminate\Http\Request))
#24 D:\MYProject\htdocs\VMS\vendor\laravel\framework\src\Illuminate\Pipeline\Pipeline.php(167): Illuminate\Foundation\Http\Middleware\VerifyCsrfToken->handle(Object(Illuminate\Http\Request), Object(Closure))
#25 D:\MYProject\htdocs\VMS\vendor\laravel\framework\src\Illuminate\View\Middleware\ShareErrorsFromSession.php(49): Illuminate\Pipeline\Pipeline->Illuminate\Pipeline\{closure}(Object(Illuminate\Http\Request))
#26 D:\MYProject\htdocs\VMS\vendor\laravel\framework\src\Illuminate\Pipeline\Pipeline.php(167): Illuminate\View\Middleware\ShareErrorsFromSession->handle(Object(Illuminate\Http\Request), Object(Closure))
#27 D:\MYProject\htdocs\VMS\vendor\laravel\framework\src\Illuminate\Session\Middleware\StartSession.php(121): Illuminate\Pipeline\Pipeline->Illuminate\Pipeline\{closure}(Object(Illuminate\Http\Request))
#28 D:\MYProject\htdocs\VMS\vendor\laravel\framework\src\Illuminate\Session\Middleware\StartSession.php(64): Illuminate\Session\Middleware\StartSession->handleStatefulRequest(Object(Illuminate\Http\Request), Object(Illuminate\Session\Store), Object(Closure))
#29 D:\MYProject\htdocs\VMS\vendor\laravel\framework\src\Illuminate\Pipeline\Pipeline.php(167): Illuminate\Session\Middleware\StartSession->handle(Object(Illuminate\Http\Request), Object(Closure))
#30 D:\MYProject\htdocs\VMS\vendor\laravel\framework\src\Illuminate\Cookie\Middleware\AddQueuedCookiesToResponse.php(37): Illuminate\Pipeline\Pipeline->Illuminate\Pipeline\{closure}(Object(Illuminate\Http\Request))
#31 D:\MYProject\htdocs\VMS\vendor\laravel\framework\src\Illuminate\Pipeline\Pipeline.php(167): Illuminate\Cookie\Middleware\AddQueuedCookiesToResponse->handle(Object(Illuminate\Http\Request), Object(Closure))
#32 D:\MYProject\htdocs\VMS\vendor\laravel\framework\src\Illuminate\Cookie\Middleware\EncryptCookies.php(67): Illuminate\Pipeline\Pipeline->Illuminate\Pipeline\{closure}(Object(Illuminate\Http\Request))
#33 D:\MYProject\htdocs\VMS\vendor\laravel\framework\src\Illuminate\Pipeline\Pipeline.php(167): Illuminate\Cookie\Middleware\EncryptCookies->handle(Object(Illuminate\Http\Request), Object(Closure))
#34 D:\MYProject\htdocs\VMS\vendor\laravel\framework\src\Illuminate\Pipeline\Pipeline.php(103): Illuminate\Pipeline\Pipeline->Illuminate\Pipeline\{closure}(Object(Illuminate\Http\Request))
#35 D:\MYProject\htdocs\VMS\vendor\laravel\framework\src\Illuminate\Routing\Router.php(719): Illuminate\Pipeline\Pipeline->then(Object(Closure))
#36 D:\MYProject\htdocs\VMS\vendor\laravel\framework\src\Illuminate\Routing\Router.php(698): Illuminate\Routing\Router->runRouteWithinStack(Object(Illuminate\Routing\Route), Object(Illuminate\Http\Request))
#37 D:\MYProject\htdocs\VMS\vendor\laravel\framework\src\Illuminate\Routing\Router.php(662): Illuminate\Routing\Router->runRoute(Object(Illuminate\Http\Request), Object(Illuminate\Routing\Route))
#38 D:\MYProject\htdocs\VMS\vendor\laravel\framework\src\Illuminate\Routing\Router.php(651): Illuminate\Routing\Router->dispatchToRoute(Object(Illuminate\Http\Request))
#39 D:\MYProject\htdocs\VMS\vendor\laravel\framework\src\Illuminate\Foundation\Http\Kernel.php(167): Illuminate\Routing\Router->dispatch(Object(Illuminate\Http\Request))
#40 D:\MYProject\htdocs\VMS\vendor\laravel\framework\src\Illuminate\Pipeline\Pipeline.php(128): Illuminate\Foundation\Http\Kernel->Illuminate\Foundation\Http\{closure}(Object(Illuminate\Http\Request))
#41 D:\MYProject\htdocs\VMS\vendor\laravel\framework\src\Illuminate\Foundation\Http\Middleware\TransformsRequest.php(21): Illuminate\Pipeline\Pipeline->Illuminate\Pipeline\{closure}(Object(Illuminate\Http\Request))
#42 D:\MYProject\htdocs\VMS\vendor\laravel\framework\src\Illuminate\Foundation\Http\Middleware\ConvertEmptyStringsToNull.php(31): Illuminate\Foundation\Http\Middleware\TransformsRequest->handle(Object(Illuminate\Http\Request), Object(Closure))
#43 D:\MYProject\htdocs\VMS\vendor\laravel\framework\src\Illuminate\Pipeline\Pipeline.php(167): Illuminate\Foundation\Http\Middleware\ConvertEmptyStringsToNull->handle(Object(Illuminate\Http\Request), Object(Closure))
#44 D:\MYProject\htdocs\VMS\vendor\laravel\framework\src\Illuminate\Foundation\Http\Middleware\TransformsRequest.php(21): Illuminate\Pipeline\Pipeline->Illuminate\Pipeline\{closure}(Object(Illuminate\Http\Request))
#45 D:\MYProject\htdocs\VMS\vendor\laravel\framework\src\Illuminate\Foundation\Http\Middleware\TrimStrings.php(40): Illuminate\Foundation\Http\Middleware\TransformsRequest->handle(Object(Illuminate\Http\Request), Object(Closure))
#46 D:\MYProject\htdocs\VMS\vendor\laravel\framework\src\Illuminate\Pipeline\Pipeline.php(167): Illuminate\Foundation\Http\Middleware\TrimStrings->handle(Object(Illuminate\Http\Request), Object(Closure))
#47 D:\MYProject\htdocs\VMS\vendor\laravel\framework\src\Illuminate\Foundation\Http\Middleware\ValidatePostSize.php(27): Illuminate\Pipeline\Pipeline->Illuminate\Pipeline\{closure}(Object(Illuminate\Http\Request))
#48 D:\MYProject\htdocs\VMS\vendor\laravel\framework\src\Illuminate\Pipeline\Pipeline.php(167): Illuminate\Foundation\Http\Middleware\ValidatePostSize->handle(Object(Illuminate\Http\Request), Object(Closure))
#49 D:\MYProject\htdocs\VMS\vendor\laravel\framework\src\Illuminate\Foundation\Http\Middleware\PreventRequestsDuringMaintenance.php(86): Illuminate\Pipeline\Pipeline->Illuminate\Pipeline\{closure}(Object(Illuminate\Http\Request))
#50 D:\MYProject\htdocs\VMS\vendor\laravel\framework\src\Illuminate\Pipeline\Pipeline.php(167): Illuminate\Foundation\Http\Middleware\PreventRequestsDuringMaintenance->handle(Object(Illuminate\Http\Request), Object(Closure))
#51 D:\MYProject\htdocs\VMS\vendor\fruitcake\laravel-cors\src\HandleCors.php(38): Illuminate\Pipeline\Pipeline->Illuminate\Pipeline\{closure}(Object(Illuminate\Http\Request))
#52 D:\MYProject\htdocs\VMS\vendor\laravel\framework\src\Illuminate\Pipeline\Pipeline.php(167): Fruitcake\Cors\HandleCors->handle(Object(Illuminate\Http\Request), Object(Closure))
#53 D:\MYProject\htdocs\VMS\vendor\laravel\framework\src\Illuminate\Http\Middleware\TrustProxies.php(39): Illuminate\Pipeline\Pipeline->Illuminate\Pipeline\{closure}(Object(Illuminate\Http\Request))
#54 D:\MYProject\htdocs\VMS\vendor\laravel\framework\src\Illuminate\Pipeline\Pipeline.php(167): Illuminate\Http\Middleware\TrustProxies->handle(Object(Illuminate\Http\Request), Object(Closure))
#55 D:\MYProject\htdocs\VMS\vendor\laravel\framework\src\Illuminate\Pipeline\Pipeline.php(103): Illuminate\Pipeline\Pipeline->Illuminate\Pipeline\{closure}(Object(Illuminate\Http\Request))
#56 D:\MYProject\htdocs\VMS\vendor\laravel\framework\src\Illuminate\Foundation\Http\Kernel.php(142): Illuminate\Pipeline\Pipeline->then(Object(Closure))
#57 D:\MYProject\htdocs\VMS\vendor\laravel\framework\src\Illuminate\Foundation\Http\Kernel.php(111): Illuminate\Foundation\Http\Kernel->sendRequestThroughRouter(Object(Illuminate\Http\Request))
#58 D:\MYProject\htdocs\VMS\index.php(51): Illuminate\Foundation\Http\Kernel->handle(Object(Illuminate\Http\Request))
#59 {main}  
